<?xml version="1.0" encoding="UTF-8"?>
<testsuites name="TS_Salesforce New" time="71.865" tests="6" failures="4" errors="0">
   <testsuite name="TS_Salesforce New" tests="6" failures="4" errors="0" time="71.865" skipped="0" timestamp="2023-03-15 22:02:18" hostname="mohit - 192.168.1.101" id="Test Suites/TS_Salesforce New">
      <properties>
         <property name="deviceName" value=""/>
         <property name="devicePlatform" value=""/>
         <property name="logFolder" value="/Users/mohit/git/salesforce-katalon-sample/Reports/20230315_220205/TS_Salesforce New/20230315_220205"/>
         <property name="logFiles" value="/Users/mohit/git/salesforce-katalon-sample/Reports/20230315_220205/TS_Salesforce New/20230315_220205/execution0.log"/>
         <property name="attachments" value="/Users/mohit/git/salesforce-katalon-sample/Reports/20230315_220205/TS_Salesforce New/20230315_220205/1678897984756.png, /Users/mohit/git/salesforce-katalon-sample/Reports/20230315_220205/TS_Salesforce New/20230315_220205/1678897985054.png, /Users/mohit/git/salesforce-katalon-sample/Reports/20230315_220205/TS_Salesforce New/20230315_220205/1678897991065.png, /Users/mohit/git/salesforce-katalon-sample/Reports/20230315_220205/TS_Salesforce New/20230315_220205/1678897996276.png, /Users/mohit/git/salesforce-katalon-sample/Reports/20230315_220205/TS_Salesforce New/20230315_220205/1678898009330.png"/>
         <property name="hostName" value="mohit - 192.168.1.101"/>
         <property name="os" value="Mac OS X 64bit"/>
         <property name="katalonVersion" value="8.5.5.208"/>
         <property name="browser" value="Chrome 111.0.0.0"/>
         <property name="hostAddress" value="192.168.1.101"/>
         <property name="sessionId" value="94d25b74f1952f8d4af05f9415c5daec"/>
         <property name="seleniumVersion" value="3.141.59"/>
         <property name="proxyInformation" value="ProxyInformation { proxyOption=NO_PROXY, proxyServerType=HTTP, username=, password=********, proxyServerAddress=, proxyServerPort=0, executionList=&quot;&quot;, isApplyToDesiredCapabilities=true }"/>
         <property name="platform" value="Mac OS X"/>
      </properties>
      <testcase name="Test Cases/TC_Salesforce New/RecallTest/SetupTeardown/Login into Salesforce" time="26.875" classname="Test Cases/TC_Salesforce New/RecallTest/SetupTeardown/Login into Salesforce" status="PASSED">
         <system-out><![CDATA[2023-03-15 22:02:18 - [TEST_CASE][PASSED] - Test Cases/TC_Salesforce New/RecallTest/SetupTeardown/Login into Salesforce: Test Cases/TC_Salesforce New/RecallTest/SetupTeardown/Login into Salesforce

2023-03-15 22:02:18 - [TEST_STEP][PASSED] - Start listener action : sampleBeforeTestCase: null

2023-03-15 22:02:18 - [TEST_STEP][PASSED] - println("Befor Test case- What is my test case status:- " + SKIP_REMAINING_TEST): null

2023-03-15 22:02:18 - [TEST_STEP][PASSED] - Start listener action : enableSauceLabs: [SAUCELABS] Saucelabs Plugin will not attempt to auto update job status and information !

2023-03-15 22:02:18 - [MESSAGE][INFO] - [SAUCELABS] Current run configuration: Chrome

2023-03-15 22:02:18 - [MESSAGE][INFO] - [SAUCELABS] Saucelabs Plugin will not attempt to auto update job status and information !

2023-03-15 22:02:18 - [TEST_STEP][PASSED] - openBrowser(""): Browser is opened with url: ''

2023-03-15 22:02:18 - [MESSAGE][INFO] - Starting 'Chrome' driver

2023-03-15 22:02:18 - [MESSAGE][INFO] - User set preference: ['args', '[--disable-notifications]']

2023-03-15 22:02:18 - [MESSAGE][INFO] - Action delay is set to 0 milliseconds

2023-03-15 22:02:21 - [MESSAGE][PASSED] - Browser is opened with url: ''

2023-03-15 22:02:21 - [TEST_STEP][PASSED] - webKeywords.ApplicationFunction.enhanced_SetViewportSize(2650, 1400): webKeywords.ApplicationFunction.enhanced_SetViewportSize is PASSED

2023-03-15 22:02:21 - [MESSAGE][PASSED] - Execute JavaScript 'return (window.innerWidth || 0)' successfully

2023-03-15 22:02:21 - [MESSAGE][PASSED] - Execute JavaScript 'return (window.innerHeight || 0)' successfully

2023-03-15 22:02:21 - [MESSAGE][PASSED] - Execute JavaScript 'return (window.devicePixelRatio || 1)' successfully

2023-03-15 22:02:21 - [MESSAGE][PASSED] - Viewport is set to new size with width = 1325 and height = 824

2023-03-15 22:02:21 - [MESSAGE][PASSED] - webKeywords.ApplicationFunction.enhanced_SetViewportSize is PASSED

2023-03-15 22:02:21 - [TEST_STEP][PASSED] - navigateToUrl(APP_URL): Navigate to 'https://katalon-inc--demo.sandbox.my.salesforce.com/' successfully

2023-03-15 22:02:26 - [MESSAGE][PASSED] - Navigate to 'https://katalon-inc--demo.sandbox.my.salesforce.com/' successfully

2023-03-15 22:02:26 - [TEST_STEP][PASSED] - setText(findTestObject("Object Repository/OR_Salesforce New/Page_Login  Salesforce/input_Username_username"), USERNAME): Text 'mohit.kumar@katalon.com' is set on object 'Object Repository/OR_Salesforce New/Page_Login  Salesforce/input_Username_username'

2023-03-15 22:02:27 - [MESSAGE][PASSED] - Text 'mohit.kumar@katalon.com' is set on object 'Object Repository/OR_Salesforce New/Page_Login  Salesforce/input_Username_username'

2023-03-15 22:02:27 - [TEST_STEP][PASSED] - setEncryptedText(findTestObject("Object Repository/OR_Salesforce New/Page_Login  Salesforce/input_Password_pw"), PASSWORD): Text ****** has been set on object 'Object Repository/OR_Salesforce New/Page_Login  Salesforce/input_Password_pw'

2023-03-15 22:02:29 - [MESSAGE][PASSED] - Text ****** has been set on object 'Object Repository/OR_Salesforce New/Page_Login  Salesforce/input_Password_pw'

2023-03-15 22:02:29 - [TEST_STEP][PASSED] - click(findTestObject("Object Repository/OR_Salesforce New/Page_Login  Salesforce/input_Password_Login")): Object: 'Object Repository/OR_Salesforce New/Page_Login  Salesforce/input_Password_Login' is clicked on

2023-03-15 22:02:30 - [MESSAGE][PASSED] - Object: 'Object Repository/OR_Salesforce New/Page_Login  Salesforce/input_Password_Login' is clicked on

2023-03-15 22:02:30 - [TEST_STEP][PASSED] - waitForElementPresent(findTestObject("Object Repository/OR_Salesforce New/Page_Home  Salesforce/span_Sales Manager"), 10): Object 'Object Repository/OR_Salesforce New/Page_Home  Salesforce/span_Sales Manager' is present

2023-03-15 22:02:45 - [MESSAGE][PASSED] - Object 'Object Repository/OR_Salesforce New/Page_Home  Salesforce/span_Sales Manager' is present

2023-03-15 22:02:45 - [TEST_STEP][PASSED] - Start listener action : sampleAfterTestCase: null

2023-03-15 22:02:45 - [TEST_STEP][PASSED] - println("After Test case- What is my test case status:- " + testCaseContext.getTestCaseStatus()): null

2023-03-15 22:02:45 - [TEST_STEP][PASSED] - if (testCaseStatus == "FAILED"): null

2023-03-15 22:02:45 - [TEST_STEP][PASSED] - Start listener action : autoUpdateJobStatus: [SAUCELABS] Current run configuration: Chrome

2023-03-15 22:02:45 - [MESSAGE][INFO] - [SAUCELABS] Current run configuration: Chrome]]></system-out>
         <system-err><![CDATA[]]></system-err>
      </testcase>
      <testcase name="Test Cases/TC_Salesforce New/RecallTest/Lead/Create a Lead" time="20.066" classname="Test Cases/TC_Salesforce New/RecallTest/Lead/Create a Lead" status="FAILED">
         <failure type="FAILED" message="Test Cases/TC_Salesforce New/RecallTest/Lead/Create a Lead FAILED.
Reason:
com.kms.katalon.core.exception.StepFailedException: Unable to accept alert
	at com.kms.katalon.core.webui.keyword.internal.WebUIKeywordMain.stepFailed(WebUIKeywordMain.groovy:64)
	at com.kms.katalon.core.webui.keyword.internal.WebUIKeywordMain.runKeyword(WebUIKeywordMain.groovy:26)
	at com.kms.katalon.core.webui.keyword.builtin.AcceptAlertKeyword.acceptAlert(AcceptAlertKeyword.groovy:71)
	at com.kms.katalon.core.webui.keyword.builtin.AcceptAlertKeyword.execute(AcceptAlertKeyword.groovy:66)
	at com.kms.katalon.core.keyword.internal.KeywordExecutor.executeKeywordForPlatform(KeywordExecutor.groovy:74)
	at com.kms.katalon.core.webui.keyword.WebUiBuiltInKeywords.acceptAlert(WebUiBuiltInKeywords.groovy:1522)
	at com.kms.katalon.core.webui.keyword.WebUiBuiltInKeywords$acceptAlert$8.call(Unknown Source)
	at Create a Lead.run(Create a Lead:46)
	at com.kms.katalon.core.main.ScriptEngine.run(ScriptEngine.java:194)
	at com.kms.katalon.core.main.ScriptEngine.runScriptAsRawText(ScriptEngine.java:119)
	at com.kms.katalon.core.main.TestCaseExecutor.runScript(TestCaseExecutor.java:448)
	at com.kms.katalon.core.main.TestCaseExecutor.doExecute(TestCaseExecutor.java:439)
	at com.kms.katalon.core.main.TestCaseExecutor.processExecutionPhase(TestCaseExecutor.java:418)
	at com.kms.katalon.core.main.TestCaseExecutor.accessMainPhase(TestCaseExecutor.java:410)
	at com.kms.katalon.core.main.TestCaseExecutor.execute(TestCaseExecutor.java:285)
	at com.kms.katalon.core.common.CommonExecutor.accessTestCaseMainPhase(CommonExecutor.java:65)
	at com.kms.katalon.core.main.TestSuiteExecutor.accessTestSuiteMainPhase(TestSuiteExecutor.java:151)
	at com.kms.katalon.core.main.TestSuiteExecutor.execute(TestSuiteExecutor.java:106)
	at com.kms.katalon.core.main.TestCaseMain.startTestSuite(TestCaseMain.java:185)
	at com.kms.katalon.core.main.TestCaseMain$startTestSuite$0.call(Unknown Source)
	at TempTestSuite1678897925999.run(TempTestSuite1678897925999.groovy:36)
Caused by: com.kms.katalon.core.exception.StepFailedException: No alert found
	at com.kms.katalon.core.webui.keyword.internal.WebUIKeywordMain.stepFailed(WebUIKeywordMain.groovy:64)
	at com.kms.katalon.core.webui.keyword.builtin.AcceptAlertKeyword$_acceptAlert_closure1.doCall(AcceptAlertKeyword.groovy:78)
	at com.kms.katalon.core.webui.keyword.builtin.AcceptAlertKeyword$_acceptAlert_closure1.call(AcceptAlertKeyword.groovy)
	at com.kms.katalon.core.webui.keyword.internal.WebUIKeywordMain.runKeyword(WebUIKeywordMain.groovy:20)
	... 19 more
"/>
         <system-out><![CDATA[2023-03-15 22:02:45 - [TEST_CASE][FAILED] - Test Cases/TC_Salesforce New/RecallTest/Lead/Create a Lead: Test Cases/TC_Salesforce New/RecallTest/Lead/Create a Lead FAILED.
Reason:
com.kms.katalon.core.exception.StepFailedException: Unable to accept alert
	at com.kms.katalon.core.webui.keyword.internal.WebUIKeywordMain.stepFailed(WebUIKeywordMain.groovy:64)
	at com.kms.katalon.core.webui.keyword.internal.WebUIKeywordMain.runKeyword(WebUIKeywordMain.groovy:26)
	at com.kms.katalon.core.webui.keyword.builtin.AcceptAlertKeyword.acceptAlert(AcceptAlertKeyword.groovy:71)
	at com.kms.katalon.core.webui.keyword.builtin.AcceptAlertKeyword.execute(AcceptAlertKeyword.groovy:66)
	at com.kms.katalon.core.keyword.internal.KeywordExecutor.executeKeywordForPlatform(KeywordExecutor.groovy:74)
	at com.kms.katalon.core.webui.keyword.WebUiBuiltInKeywords.acceptAlert(WebUiBuiltInKeywords.groovy:1522)
	at com.kms.katalon.core.webui.keyword.WebUiBuiltInKeywords$acceptAlert$8.call(Unknown Source)
	at Create a Lead.run(Create a Lead:46)
	at com.kms.katalon.core.main.ScriptEngine.run(ScriptEngine.java:194)
	at com.kms.katalon.core.main.ScriptEngine.runScriptAsRawText(ScriptEngine.java:119)
	at com.kms.katalon.core.main.TestCaseExecutor.runScript(TestCaseExecutor.java:448)
	at com.kms.katalon.core.main.TestCaseExecutor.doExecute(TestCaseExecutor.java:439)
	at com.kms.katalon.core.main.TestCaseExecutor.processExecutionPhase(TestCaseExecutor.java:418)
	at com.kms.katalon.core.main.TestCaseExecutor.accessMainPhase(TestCaseExecutor.java:410)
	at com.kms.katalon.core.main.TestCaseExecutor.execute(TestCaseExecutor.java:285)
	at com.kms.katalon.core.common.CommonExecutor.accessTestCaseMainPhase(CommonExecutor.java:65)
	at com.kms.katalon.core.main.TestSuiteExecutor.accessTestSuiteMainPhase(TestSuiteExecutor.java:151)
	at com.kms.katalon.core.main.TestSuiteExecutor.execute(TestSuiteExecutor.java:106)
	at com.kms.katalon.core.main.TestCaseMain.startTestSuite(TestCaseMain.java:185)
	at com.kms.katalon.core.main.TestCaseMain$startTestSuite$0.call(Unknown Source)
	at TempTestSuite1678897925999.run(TempTestSuite1678897925999.groovy:36)
Caused by: com.kms.katalon.core.exception.StepFailedException: No alert found
	at com.kms.katalon.core.webui.keyword.internal.WebUIKeywordMain.stepFailed(WebUIKeywordMain.groovy:64)
	at com.kms.katalon.core.webui.keyword.builtin.AcceptAlertKeyword$_acceptAlert_closure1.doCall(AcceptAlertKeyword.groovy:78)
	at com.kms.katalon.core.webui.keyword.builtin.AcceptAlertKeyword$_acceptAlert_closure1.call(AcceptAlertKeyword.groovy)
	at com.kms.katalon.core.webui.keyword.internal.WebUIKeywordMain.runKeyword(WebUIKeywordMain.groovy:20)
	... 19 more


2023-03-15 22:02:45 - [TEST_STEP][PASSED] - Start listener action : sampleBeforeTestCase: null

2023-03-15 22:02:45 - [TEST_STEP][PASSED] - println("Befor Test case- What is my test case status:- " + SKIP_REMAINING_TEST): null

2023-03-15 22:02:45 - [TEST_STEP][PASSED] - Start listener action : enableSauceLabs: [SAUCELABS] Saucelabs Plugin will not attempt to auto update job status and information !

2023-03-15 22:02:45 - [MESSAGE][INFO] - [SAUCELABS] Current run configuration: Chrome

2023-03-15 22:02:45 - [MESSAGE][INFO] - [SAUCELABS] Saucelabs Plugin will not attempt to auto update job status and information !

2023-03-15 22:02:45 - [TEST_STEP][PASSED] - enhancedClick(findTestObject("Object Repository/OR_Salesforce New/Page_Home  Salesforce/span_Leads")): Object: 'Object Repository/OR_Salesforce New/Page_Home  Salesforce/span_Leads' is clicked on

2023-03-15 22:02:47 - [MESSAGE][PASSED] - Object: 'Object Repository/OR_Salesforce New/Page_Home  Salesforce/span_Leads' is clicked on

2023-03-15 22:02:47 - [TEST_STEP][PASSED] - click(findTestObject("Object Repository/OR_Salesforce New/Page_Recently Viewed  Leads  Salesforce/div_New")): Object: 'Object Repository/OR_Salesforce New/Page_Recently Viewed  Leads  Salesforce/div_New' is clicked on

2023-03-15 22:02:51 - [MESSAGE][PASSED] - Object: 'Object Repository/OR_Salesforce New/Page_Recently Viewed  Leads  Salesforce/div_New' is clicked on

2023-03-15 22:02:51 - [TEST_STEP][PASSED] - click(findTestObject("OR_Salesforce New/Page_New Lead  Salesforce/button_--None--")): Object: 'Object Repository/OR_Salesforce New/Page_New Lead  Salesforce/button_--None--' is clicked on

2023-03-15 22:02:52 - [MESSAGE][INFO] - Unable to find the element located by 'By.xpath: (.//*[normalize-space(text()) and normalize-space(.)='Salutation'])[1]/following::button[1]'. Please recheck the objects properties to make sure the desired element is located. 

2023-03-15 22:02:52 - [MESSAGE][WARNING] - [SELF-HEALING] Failed to find element with id 'Object Repository/OR_Salesforce New/Page_New Lead  Salesforce/button_--None--'. Try using Self-healing.

2023-03-15 22:02:55 - [MESSAGE][WARNING] - [SELF-HEALING] The current locator of test object 'Object Repository/OR_Salesforce New/Page_New Lead  Salesforce/button_--None--' was broken. Propose an alternative one: '(.//*[normalize-space(text()) and normalize-space(.)='Salutation'])[1]/following::button[1]'.

2023-03-15 22:02:55 - [MESSAGE][PASSED] - Object: 'Object Repository/OR_Salesforce New/Page_New Lead  Salesforce/button_--None--' is clicked on

2023-03-15 22:02:55 - [TEST_STEP][PASSED] - delay(1): Delayed 1 second(s)

2023-03-15 22:02:56 - [MESSAGE][PASSED] - Delayed 1 second(s)

2023-03-15 22:02:56 - [TEST_STEP][PASSED] - click(findTestObject("OR_Salesforce New/Page_New Lead  Salesforce/span_Mr")): Object: 'Object Repository/OR_Salesforce New/Page_New Lead  Salesforce/span_Mr' is clicked on

2023-03-15 22:02:56 - [MESSAGE][PASSED] - Object: 'Object Repository/OR_Salesforce New/Page_New Lead  Salesforce/span_Mr' is clicked on

2023-03-15 22:02:56 - [TEST_STEP][PASSED] - setText(findTestObject("Object Repository/OR_Salesforce New/Page_New Lead  Salesforce/input_First Name_firstName"), "Mohit"): Text 'Mohit' is set on object 'Object Repository/OR_Salesforce New/Page_New Lead  Salesforce/input_First Name_firstName'

2023-03-15 22:02:58 - [MESSAGE][PASSED] - Text 'Mohit' is set on object 'Object Repository/OR_Salesforce New/Page_New Lead  Salesforce/input_First Name_firstName'

2023-03-15 22:02:58 - [TEST_STEP][PASSED] - setText(findTestObject("Object Repository/OR_Salesforce New/Page_New Lead  Salesforce/input_Middle Name_middleName"), "Kumar"): Text 'Kumar' is set on object 'Object Repository/OR_Salesforce New/Page_New Lead  Salesforce/input_Middle Name_middleName'

2023-03-15 22:02:59 - [MESSAGE][PASSED] - Text 'Kumar' is set on object 'Object Repository/OR_Salesforce New/Page_New Lead  Salesforce/input_Middle Name_middleName'

2023-03-15 22:02:59 - [TEST_STEP][PASSED] - setText(findTestObject("Object Repository/OR_Salesforce New/Page_New Lead  Salesforce/input__lastName"), "Sharma"): Text 'Sharma' is set on object 'Object Repository/OR_Salesforce New/Page_New Lead  Salesforce/input__lastName'

2023-03-15 22:03:00 - [MESSAGE][PASSED] - Text 'Sharma' is set on object 'Object Repository/OR_Salesforce New/Page_New Lead  Salesforce/input__lastName'

2023-03-15 22:03:00 - [TEST_STEP][PASSED] - click(findTestObject("Object Repository/OR_Salesforce New/Page_New Lead  Salesforce/button_New")): Object: 'Object Repository/OR_Salesforce New/Page_New Lead  Salesforce/button_New' is clicked on

2023-03-15 22:03:01 - [MESSAGE][PASSED] - Object: 'Object Repository/OR_Salesforce New/Page_New Lead  Salesforce/button_New' is clicked on

2023-03-15 22:03:01 - [TEST_STEP][PASSED] - delay(2): Delayed 2 second(s)

2023-03-15 22:03:03 - [MESSAGE][PASSED] - Delayed 2 second(s)

2023-03-15 22:03:03 - [TEST_STEP][PASSED] - click(findTestObject("Object Repository/OR_Salesforce New/Page_New Lead  Salesforce/span_Working")): Object: 'Object Repository/OR_Salesforce New/Page_New Lead  Salesforce/span_Working' is clicked on

2023-03-15 22:03:04 - [MESSAGE][PASSED] - Object: 'Object Repository/OR_Salesforce New/Page_New Lead  Salesforce/span_Working' is clicked on

2023-03-15 22:03:04 - [TEST_STEP][PASSED] - click(findTestObject("OR_Salesforce New/Page_New Lead  Salesforce/button_--None-- (1)")): Object: 'Object Repository/OR_Salesforce New/Page_New Lead  Salesforce/button_--None-- (1)' is clicked on

2023-03-15 22:03:04 - [MESSAGE][PASSED] - Object: 'Object Repository/OR_Salesforce New/Page_New Lead  Salesforce/button_--None-- (1)' is clicked on

2023-03-15 22:03:04 - [TEST_STEP][FAILED] - acceptAlert(): Unable to accept alert (Root cause: com.kms.katalon.core.exception.StepFailedException: Unable to accept alert
	at com.kms.katalon.core.webui.keyword.internal.WebUIKeywordMain.stepFailed(WebUIKeywordMain.groovy:64)
	at com.kms.katalon.core.webui.keyword.internal.WebUIKeywordMain.runKeyword(WebUIKeywordMain.groovy:26)
	at com.kms.katalon.core.webui.keyword.builtin.AcceptAlertKeyword.acceptAlert(AcceptAlertKeyword.groovy:71)
	at com.kms.katalon.core.webui.keyword.builtin.AcceptAlertKeyword.execute(AcceptAlertKeyword.groovy:66)
	at com.kms.katalon.core.keyword.internal.KeywordExecutor.executeKeywordForPlatform(KeywordExecutor.groovy:74)
	at com.kms.katalon.core.webui.keyword.WebUiBuiltInKeywords.acceptAlert(WebUiBuiltInKeywords.groovy:1522)
	at com.kms.katalon.core.webui.keyword.WebUiBuiltInKeywords$acceptAlert$8.call(Unknown Source)
	at Create a Lead.run(Create a Lead:46)
	at com.kms.katalon.core.main.ScriptEngine.run(ScriptEngine.java:194)
	at com.kms.katalon.core.main.ScriptEngine.runScriptAsRawText(ScriptEngine.java:119)
	at com.kms.katalon.core.main.TestCaseExecutor.runScript(TestCaseExecutor.java:448)
	at com.kms.katalon.core.main.TestCaseExecutor.doExecute(TestCaseExecutor.java:439)
	at com.kms.katalon.core.main.TestCaseExecutor.processExecutionPhase(TestCaseExecutor.java:418)
	at com.kms.katalon.core.main.TestCaseExecutor.accessMainPhase(TestCaseExecutor.java:410)
	at com.kms.katalon.core.main.TestCaseExecutor.execute(TestCaseExecutor.java:285)
	at com.kms.katalon.core.common.CommonExecutor.accessTestCaseMainPhase(CommonExecutor.java:65)
	at com.kms.katalon.core.main.TestSuiteExecutor.accessTestSuiteMainPhase(TestSuiteExecutor.java:151)
	at com.kms.katalon.core.main.TestSuiteExecutor.execute(TestSuiteExecutor.java:106)
	at com.kms.katalon.core.main.TestCaseMain.startTestSuite(TestCaseMain.java:185)
	at com.kms.katalon.core.main.TestCaseMain$startTestSuite$0.call(Unknown Source)
	at TempTestSuite1678897925999.run(TempTestSuite1678897925999.groovy:36)
Caused by: com.kms.katalon.core.exception.StepFailedException: No alert found
	at com.kms.katalon.core.webui.keyword.internal.WebUIKeywordMain.stepFailed(WebUIKeywordMain.groovy:64)
	at com.kms.katalon.core.webui.keyword.builtin.AcceptAlertKeyword$_acceptAlert_closure1.doCall(AcceptAlertKeyword.groovy:78)
	at com.kms.katalon.core.webui.keyword.builtin.AcceptAlertKeyword$_acceptAlert_closure1.call(AcceptAlertKeyword.groovy)
	at com.kms.katalon.core.webui.keyword.internal.WebUIKeywordMain.runKeyword(WebUIKeywordMain.groovy:20)
	... 19 more
)

2023-03-15 22:03:05 - [MESSAGE][FAILED] - No alert found (Root cause: com.kms.katalon.core.exception.StepFailedException: No alert found
	at com.kms.katalon.core.webui.keyword.internal.WebUIKeywordMain.stepFailed(WebUIKeywordMain.groovy:64)
	at com.kms.katalon.core.webui.keyword.builtin.AcceptAlertKeyword$_acceptAlert_closure1.doCall(AcceptAlertKeyword.groovy:78)
	at com.kms.katalon.core.webui.keyword.builtin.AcceptAlertKeyword$_acceptAlert_closure1.call(AcceptAlertKeyword.groovy)
	at com.kms.katalon.core.webui.keyword.internal.WebUIKeywordMain.runKeyword(WebUIKeywordMain.groovy:20)
	at com.kms.katalon.core.webui.keyword.builtin.AcceptAlertKeyword.acceptAlert(AcceptAlertKeyword.groovy:71)
	at com.kms.katalon.core.webui.keyword.builtin.AcceptAlertKeyword.execute(AcceptAlertKeyword.groovy:66)
	at com.kms.katalon.core.keyword.internal.KeywordExecutor.executeKeywordForPlatform(KeywordExecutor.groovy:74)
	at com.kms.katalon.core.webui.keyword.WebUiBuiltInKeywords.acceptAlert(WebUiBuiltInKeywords.groovy:1522)
	at com.kms.katalon.core.webui.keyword.WebUiBuiltInKeywords$acceptAlert$8.call(Unknown Source)
	at Create a Lead.run(Create a Lead:46)
	at com.kms.katalon.core.main.ScriptEngine.run(ScriptEngine.java:194)
	at com.kms.katalon.core.main.ScriptEngine.runScriptAsRawText(ScriptEngine.java:119)
	at com.kms.katalon.core.main.TestCaseExecutor.runScript(TestCaseExecutor.java:448)
	at com.kms.katalon.core.main.TestCaseExecutor.doExecute(TestCaseExecutor.java:439)
	at com.kms.katalon.core.main.TestCaseExecutor.processExecutionPhase(TestCaseExecutor.java:418)
	at com.kms.katalon.core.main.TestCaseExecutor.accessMainPhase(TestCaseExecutor.java:410)
	at com.kms.katalon.core.main.TestCaseExecutor.execute(TestCaseExecutor.java:285)
	at com.kms.katalon.core.common.CommonExecutor.accessTestCaseMainPhase(CommonExecutor.java:65)
	at com.kms.katalon.core.main.TestSuiteExecutor.accessTestSuiteMainPhase(TestSuiteExecutor.java:151)
	at com.kms.katalon.core.main.TestSuiteExecutor.execute(TestSuiteExecutor.java:106)
	at com.kms.katalon.core.main.TestCaseMain.startTestSuite(TestCaseMain.java:185)
	at com.kms.katalon.core.main.TestCaseMain$startTestSuite$0.call(Unknown Source)
	at TempTestSuite1678897925999.run(TempTestSuite1678897925999.groovy:36)
)
[[ATTACHMENT|/Users/mohit/git/salesforce-katalon-sample/Reports/20230315_220205/TS_Salesforce New/20230315_220205/1678897984756.png]]

2023-03-15 22:03:05 - [MESSAGE][FAILED] - Unable to accept alert (Root cause: com.kms.katalon.core.exception.StepFailedException: Unable to accept alert
	at com.kms.katalon.core.webui.keyword.internal.WebUIKeywordMain.stepFailed(WebUIKeywordMain.groovy:64)
	at com.kms.katalon.core.webui.keyword.internal.WebUIKeywordMain.runKeyword(WebUIKeywordMain.groovy:26)
	at com.kms.katalon.core.webui.keyword.builtin.AcceptAlertKeyword.acceptAlert(AcceptAlertKeyword.groovy:71)
	at com.kms.katalon.core.webui.keyword.builtin.AcceptAlertKeyword.execute(AcceptAlertKeyword.groovy:66)
	at com.kms.katalon.core.keyword.internal.KeywordExecutor.executeKeywordForPlatform(KeywordExecutor.groovy:74)
	at com.kms.katalon.core.webui.keyword.WebUiBuiltInKeywords.acceptAlert(WebUiBuiltInKeywords.groovy:1522)
	at com.kms.katalon.core.webui.keyword.WebUiBuiltInKeywords$acceptAlert$8.call(Unknown Source)
	at Create a Lead.run(Create a Lead:46)
	at com.kms.katalon.core.main.ScriptEngine.run(ScriptEngine.java:194)
	at com.kms.katalon.core.main.ScriptEngine.runScriptAsRawText(ScriptEngine.java:119)
	at com.kms.katalon.core.main.TestCaseExecutor.runScript(TestCaseExecutor.java:448)
	at com.kms.katalon.core.main.TestCaseExecutor.doExecute(TestCaseExecutor.java:439)
	at com.kms.katalon.core.main.TestCaseExecutor.processExecutionPhase(TestCaseExecutor.java:418)
	at com.kms.katalon.core.main.TestCaseExecutor.accessMainPhase(TestCaseExecutor.java:410)
	at com.kms.katalon.core.main.TestCaseExecutor.execute(TestCaseExecutor.java:285)
	at com.kms.katalon.core.common.CommonExecutor.accessTestCaseMainPhase(CommonExecutor.java:65)
	at com.kms.katalon.core.main.TestSuiteExecutor.accessTestSuiteMainPhase(TestSuiteExecutor.java:151)
	at com.kms.katalon.core.main.TestSuiteExecutor.execute(TestSuiteExecutor.java:106)
	at com.kms.katalon.core.main.TestCaseMain.startTestSuite(TestCaseMain.java:185)
	at com.kms.katalon.core.main.TestCaseMain$startTestSuite$0.call(Unknown Source)
	at TempTestSuite1678897925999.run(TempTestSuite1678897925999.groovy:36)
Caused by: com.kms.katalon.core.exception.StepFailedException: No alert found
	at com.kms.katalon.core.webui.keyword.internal.WebUIKeywordMain.stepFailed(WebUIKeywordMain.groovy:64)
	at com.kms.katalon.core.webui.keyword.builtin.AcceptAlertKeyword$_acceptAlert_closure1.doCall(AcceptAlertKeyword.groovy:78)
	at com.kms.katalon.core.webui.keyword.builtin.AcceptAlertKeyword$_acceptAlert_closure1.call(AcceptAlertKeyword.groovy)
	at com.kms.katalon.core.webui.keyword.internal.WebUIKeywordMain.runKeyword(WebUIKeywordMain.groovy:20)
	... 19 more
)
[[ATTACHMENT|/Users/mohit/git/salesforce-katalon-sample/Reports/20230315_220205/TS_Salesforce New/20230315_220205/1678897985054.png]]

2023-03-15 22:03:05 - [TEST_STEP][PASSED] - Start listener action : sampleAfterTestCase: null

2023-03-15 22:03:05 - [TEST_STEP][PASSED] - println("After Test case- What is my test case status:- " + testCaseContext.getTestCaseStatus()): null

2023-03-15 22:03:05 - [TEST_STEP][PASSED] - if (testCaseStatus == "FAILED"): null

2023-03-15 22:03:05 - [TEST_STEP][PASSED] - SKIP_REMAINING_TEST = true: null

2023-03-15 22:03:05 - [TEST_STEP][PASSED] - Start listener action : autoUpdateJobStatus: [SAUCELABS] Current run configuration: Chrome

2023-03-15 22:03:05 - [MESSAGE][INFO] - [SAUCELABS] Current run configuration: Chrome]]></system-out>
         <system-err><![CDATA[2023-03-15 22:02:45 - [TEST_CASE][FAILED] - Test Cases/TC_Salesforce New/RecallTest/Lead/Create a Lead: Test Cases/TC_Salesforce New/RecallTest/Lead/Create a Lead FAILED.
Reason:
com.kms.katalon.core.exception.StepFailedException: Unable to accept alert
	at com.kms.katalon.core.webui.keyword.internal.WebUIKeywordMain.stepFailed(WebUIKeywordMain.groovy:64)
	at com.kms.katalon.core.webui.keyword.internal.WebUIKeywordMain.runKeyword(WebUIKeywordMain.groovy:26)
	at com.kms.katalon.core.webui.keyword.builtin.AcceptAlertKeyword.acceptAlert(AcceptAlertKeyword.groovy:71)
	at com.kms.katalon.core.webui.keyword.builtin.AcceptAlertKeyword.execute(AcceptAlertKeyword.groovy:66)
	at com.kms.katalon.core.keyword.internal.KeywordExecutor.executeKeywordForPlatform(KeywordExecutor.groovy:74)
	at com.kms.katalon.core.webui.keyword.WebUiBuiltInKeywords.acceptAlert(WebUiBuiltInKeywords.groovy:1522)
	at com.kms.katalon.core.webui.keyword.WebUiBuiltInKeywords$acceptAlert$8.call(Unknown Source)
	at Create a Lead.run(Create a Lead:46)
	at com.kms.katalon.core.main.ScriptEngine.run(ScriptEngine.java:194)
	at com.kms.katalon.core.main.ScriptEngine.runScriptAsRawText(ScriptEngine.java:119)
	at com.kms.katalon.core.main.TestCaseExecutor.runScript(TestCaseExecutor.java:448)
	at com.kms.katalon.core.main.TestCaseExecutor.doExecute(TestCaseExecutor.java:439)
	at com.kms.katalon.core.main.TestCaseExecutor.processExecutionPhase(TestCaseExecutor.java:418)
	at com.kms.katalon.core.main.TestCaseExecutor.accessMainPhase(TestCaseExecutor.java:410)
	at com.kms.katalon.core.main.TestCaseExecutor.execute(TestCaseExecutor.java:285)
	at com.kms.katalon.core.common.CommonExecutor.accessTestCaseMainPhase(CommonExecutor.java:65)
	at com.kms.katalon.core.main.TestSuiteExecutor.accessTestSuiteMainPhase(TestSuiteExecutor.java:151)
	at com.kms.katalon.core.main.TestSuiteExecutor.execute(TestSuiteExecutor.java:106)
	at com.kms.katalon.core.main.TestCaseMain.startTestSuite(TestCaseMain.java:185)
	at com.kms.katalon.core.main.TestCaseMain$startTestSuite$0.call(Unknown Source)
	at TempTestSuite1678897925999.run(TempTestSuite1678897925999.groovy:36)
Caused by: com.kms.katalon.core.exception.StepFailedException: No alert found
	at com.kms.katalon.core.webui.keyword.internal.WebUIKeywordMain.stepFailed(WebUIKeywordMain.groovy:64)
	at com.kms.katalon.core.webui.keyword.builtin.AcceptAlertKeyword$_acceptAlert_closure1.doCall(AcceptAlertKeyword.groovy:78)
	at com.kms.katalon.core.webui.keyword.builtin.AcceptAlertKeyword$_acceptAlert_closure1.call(AcceptAlertKeyword.groovy)
	at com.kms.katalon.core.webui.keyword.internal.WebUIKeywordMain.runKeyword(WebUIKeywordMain.groovy:20)
	... 19 more]]></system-err>
      </testcase>
      <testcase name="Test Cases/TC_Salesforce New/RecallTest/Lead/Change status from a Lead" time="6.018" classname="Test Cases/TC_Salesforce New/RecallTest/Lead/Change status from a Lead" status="FAILED">
         <failure type="FAILED" message="Test Cases/TC_Salesforce New/RecallTest/Lead/Change status from a Lead FAILED.
Reason:
com.kms.katalon.core.exception.StepFailedException: Unable to click on object 'Object Repository/OR_Salesforce New/Page_Recently Viewed  Leads  Salesforce/span_Action_slds-checkbox--faux'
	at com.kms.katalon.core.webui.keyword.internal.WebUIKeywordMain.stepFailed(WebUIKeywordMain.groovy:64)
	at com.kms.katalon.core.webui.keyword.internal.WebUIKeywordMain.runKeyword(WebUIKeywordMain.groovy:26)
	at com.kms.katalon.core.webui.keyword.builtin.ClickKeyword.click(ClickKeyword.groovy:74)
	at com.kms.katalon.core.webui.keyword.builtin.ClickKeyword.execute(ClickKeyword.groovy:40)
	at com.kms.katalon.core.keyword.internal.KeywordExecutor.executeKeywordForPlatform(KeywordExecutor.groovy:74)
	at com.kms.katalon.core.webui.keyword.WebUiBuiltInKeywords.click(WebUiBuiltInKeywords.groovy:620)
	at com.kms.katalon.core.webui.keyword.WebUiBuiltInKeywords$click$5.call(Unknown Source)
	at Change status from a Lead.run(Change status from a Lead:22)
	at com.kms.katalon.core.main.ScriptEngine.run(ScriptEngine.java:194)
	at com.kms.katalon.core.main.ScriptEngine.runScriptAsRawText(ScriptEngine.java:119)
	at com.kms.katalon.core.main.TestCaseExecutor.runScript(TestCaseExecutor.java:448)
	at com.kms.katalon.core.main.TestCaseExecutor.doExecute(TestCaseExecutor.java:439)
	at com.kms.katalon.core.main.TestCaseExecutor.processExecutionPhase(TestCaseExecutor.java:418)
	at com.kms.katalon.core.main.TestCaseExecutor.accessMainPhase(TestCaseExecutor.java:410)
	at com.kms.katalon.core.main.TestCaseExecutor.execute(TestCaseExecutor.java:285)
	at com.kms.katalon.core.common.CommonExecutor.accessTestCaseMainPhase(CommonExecutor.java:65)
	at com.kms.katalon.core.main.TestSuiteExecutor.accessTestSuiteMainPhase(TestSuiteExecutor.java:151)
	at com.kms.katalon.core.main.TestSuiteExecutor.execute(TestSuiteExecutor.java:106)
	at com.kms.katalon.core.main.TestCaseMain.startTestSuite(TestCaseMain.java:185)
	at com.kms.katalon.core.main.TestCaseMain$startTestSuite$0.call(Unknown Source)
	at TempTestSuite1678897925999.run(TempTestSuite1678897925999.groovy:36)
Caused by: com.kms.katalon.core.webui.exception.WebElementNotFoundException: Web element with id: 'Object Repository/OR_Salesforce New/Page_Recently Viewed  Leads  Salesforce/span_Action_slds-checkbox--faux' located by './/*[@role='grid']//tr[1]/td[2]' not found
	at com.kms.katalon.core.webui.common.WebUiCommonHelper.findWebElement(WebUiCommonHelper.java:1376)
	at com.kms.katalon.core.webui.keyword.internal.WebUIAbstractKeyword.findWebElement(WebUIAbstractKeyword.groovy:27)
	at com.kms.katalon.core.webui.keyword.builtin.ClickKeyword$_click_closure1.doCall(ClickKeyword.groovy:65)
	at com.kms.katalon.core.webui.keyword.builtin.ClickKeyword$_click_closure1.call(ClickKeyword.groovy)
	at com.kms.katalon.core.webui.keyword.internal.WebUIKeywordMain.runKeyword(WebUIKeywordMain.groovy:20)
	... 19 more
"/>
         <system-out><![CDATA[2023-03-15 22:03:05 - [TEST_CASE][FAILED] - Test Cases/TC_Salesforce New/RecallTest/Lead/Change status from a Lead: Test Cases/TC_Salesforce New/RecallTest/Lead/Change status from a Lead FAILED.
Reason:
com.kms.katalon.core.exception.StepFailedException: Unable to click on object 'Object Repository/OR_Salesforce New/Page_Recently Viewed  Leads  Salesforce/span_Action_slds-checkbox--faux'
	at com.kms.katalon.core.webui.keyword.internal.WebUIKeywordMain.stepFailed(WebUIKeywordMain.groovy:64)
	at com.kms.katalon.core.webui.keyword.internal.WebUIKeywordMain.runKeyword(WebUIKeywordMain.groovy:26)
	at com.kms.katalon.core.webui.keyword.builtin.ClickKeyword.click(ClickKeyword.groovy:74)
	at com.kms.katalon.core.webui.keyword.builtin.ClickKeyword.execute(ClickKeyword.groovy:40)
	at com.kms.katalon.core.keyword.internal.KeywordExecutor.executeKeywordForPlatform(KeywordExecutor.groovy:74)
	at com.kms.katalon.core.webui.keyword.WebUiBuiltInKeywords.click(WebUiBuiltInKeywords.groovy:620)
	at com.kms.katalon.core.webui.keyword.WebUiBuiltInKeywords$click$5.call(Unknown Source)
	at Change status from a Lead.run(Change status from a Lead:22)
	at com.kms.katalon.core.main.ScriptEngine.run(ScriptEngine.java:194)
	at com.kms.katalon.core.main.ScriptEngine.runScriptAsRawText(ScriptEngine.java:119)
	at com.kms.katalon.core.main.TestCaseExecutor.runScript(TestCaseExecutor.java:448)
	at com.kms.katalon.core.main.TestCaseExecutor.doExecute(TestCaseExecutor.java:439)
	at com.kms.katalon.core.main.TestCaseExecutor.processExecutionPhase(TestCaseExecutor.java:418)
	at com.kms.katalon.core.main.TestCaseExecutor.accessMainPhase(TestCaseExecutor.java:410)
	at com.kms.katalon.core.main.TestCaseExecutor.execute(TestCaseExecutor.java:285)
	at com.kms.katalon.core.common.CommonExecutor.accessTestCaseMainPhase(CommonExecutor.java:65)
	at com.kms.katalon.core.main.TestSuiteExecutor.accessTestSuiteMainPhase(TestSuiteExecutor.java:151)
	at com.kms.katalon.core.main.TestSuiteExecutor.execute(TestSuiteExecutor.java:106)
	at com.kms.katalon.core.main.TestCaseMain.startTestSuite(TestCaseMain.java:185)
	at com.kms.katalon.core.main.TestCaseMain$startTestSuite$0.call(Unknown Source)
	at TempTestSuite1678897925999.run(TempTestSuite1678897925999.groovy:36)
Caused by: com.kms.katalon.core.webui.exception.WebElementNotFoundException: Web element with id: 'Object Repository/OR_Salesforce New/Page_Recently Viewed  Leads  Salesforce/span_Action_slds-checkbox--faux' located by './/*[@role='grid']//tr[1]/td[2]' not found
	at com.kms.katalon.core.webui.common.WebUiCommonHelper.findWebElement(WebUiCommonHelper.java:1376)
	at com.kms.katalon.core.webui.keyword.internal.WebUIAbstractKeyword.findWebElement(WebUIAbstractKeyword.groovy:27)
	at com.kms.katalon.core.webui.keyword.builtin.ClickKeyword$_click_closure1.doCall(ClickKeyword.groovy:65)
	at com.kms.katalon.core.webui.keyword.builtin.ClickKeyword$_click_closure1.call(ClickKeyword.groovy)
	at com.kms.katalon.core.webui.keyword.internal.WebUIKeywordMain.runKeyword(WebUIKeywordMain.groovy:20)
	... 19 more


2023-03-15 22:03:05 - [TEST_STEP][PASSED] - Start listener action : sampleBeforeTestCase: null

2023-03-15 22:03:05 - [TEST_STEP][PASSED] - println("Befor Test case- What is my test case status:- " + SKIP_REMAINING_TEST): null

2023-03-15 22:03:05 - [TEST_STEP][PASSED] - Start listener action : enableSauceLabs: [SAUCELABS] Saucelabs Plugin will not attempt to auto update job status and information !

2023-03-15 22:03:05 - [MESSAGE][INFO] - [SAUCELABS] Current run configuration: Chrome

2023-03-15 22:03:05 - [MESSAGE][INFO] - [SAUCELABS] Saucelabs Plugin will not attempt to auto update job status and information !

2023-03-15 22:03:05 - [TEST_STEP][PASSED] - enhancedClick(findTestObject("Object Repository/OR_Salesforce New/Page_Home  Salesforce/span_Leads")): Object: 'Object Repository/OR_Salesforce New/Page_Home  Salesforce/span_Leads' is clicked on

2023-03-15 22:03:06 - [MESSAGE][PASSED] - Object: 'Object Repository/OR_Salesforce New/Page_Home  Salesforce/span_Leads' is clicked on

2023-03-15 22:03:06 - [TEST_STEP][FAILED] - click(findTestObject("Object Repository/OR_Salesforce New/Page_Recently Viewed  Leads  Salesforce/span_Action_slds-checkbox--faux")): Unable to click on object 'Object Repository/OR_Salesforce New/Page_Recently Viewed  Leads  Salesforce/span_Action_slds-checkbox--faux' (Root cause: com.kms.katalon.core.exception.StepFailedException: Unable to click on object 'Object Repository/OR_Salesforce New/Page_Recently Viewed  Leads  Salesforce/span_Action_slds-checkbox--faux'
	at com.kms.katalon.core.webui.keyword.internal.WebUIKeywordMain.stepFailed(WebUIKeywordMain.groovy:64)
	at com.kms.katalon.core.webui.keyword.internal.WebUIKeywordMain.runKeyword(WebUIKeywordMain.groovy:26)
	at com.kms.katalon.core.webui.keyword.builtin.ClickKeyword.click(ClickKeyword.groovy:74)
	at com.kms.katalon.core.webui.keyword.builtin.ClickKeyword.execute(ClickKeyword.groovy:40)
	at com.kms.katalon.core.keyword.internal.KeywordExecutor.executeKeywordForPlatform(KeywordExecutor.groovy:74)
	at com.kms.katalon.core.webui.keyword.WebUiBuiltInKeywords.click(WebUiBuiltInKeywords.groovy:620)
	at com.kms.katalon.core.webui.keyword.WebUiBuiltInKeywords$click$5.call(Unknown Source)
	at Change status from a Lead.run(Change status from a Lead:22)
	at com.kms.katalon.core.main.ScriptEngine.run(ScriptEngine.java:194)
	at com.kms.katalon.core.main.ScriptEngine.runScriptAsRawText(ScriptEngine.java:119)
	at com.kms.katalon.core.main.TestCaseExecutor.runScript(TestCaseExecutor.java:448)
	at com.kms.katalon.core.main.TestCaseExecutor.doExecute(TestCaseExecutor.java:439)
	at com.kms.katalon.core.main.TestCaseExecutor.processExecutionPhase(TestCaseExecutor.java:418)
	at com.kms.katalon.core.main.TestCaseExecutor.accessMainPhase(TestCaseExecutor.java:410)
	at com.kms.katalon.core.main.TestCaseExecutor.execute(TestCaseExecutor.java:285)
	at com.kms.katalon.core.common.CommonExecutor.accessTestCaseMainPhase(CommonExecutor.java:65)
	at com.kms.katalon.core.main.TestSuiteExecutor.accessTestSuiteMainPhase(TestSuiteExecutor.java:151)
	at com.kms.katalon.core.main.TestSuiteExecutor.execute(TestSuiteExecutor.java:106)
	at com.kms.katalon.core.main.TestCaseMain.startTestSuite(TestCaseMain.java:185)
	at com.kms.katalon.core.main.TestCaseMain$startTestSuite$0.call(Unknown Source)
	at TempTestSuite1678897925999.run(TempTestSuite1678897925999.groovy:36)
Caused by: com.kms.katalon.core.webui.exception.WebElementNotFoundException: Web element with id: 'Object Repository/OR_Salesforce New/Page_Recently Viewed  Leads  Salesforce/span_Action_slds-checkbox--faux' located by './/*[@role='grid']//tr[1]/td[2]' not found
	at com.kms.katalon.core.webui.common.WebUiCommonHelper.findWebElement(WebUiCommonHelper.java:1376)
	at com.kms.katalon.core.webui.keyword.internal.WebUIAbstractKeyword.findWebElement(WebUIAbstractKeyword.groovy:27)
	at com.kms.katalon.core.webui.keyword.builtin.ClickKeyword$_click_closure1.doCall(ClickKeyword.groovy:65)
	at com.kms.katalon.core.webui.keyword.builtin.ClickKeyword$_click_closure1.call(ClickKeyword.groovy)
	at com.kms.katalon.core.webui.keyword.internal.WebUIKeywordMain.runKeyword(WebUIKeywordMain.groovy:20)
	at com.kms.katalon.core.webui.keyword.builtin.ClickKeyword.click(ClickKeyword.groovy:74)
	at com.kms.katalon.core.webui.keyword.builtin.ClickKeyword.execute(ClickKeyword.groovy:40)
	at com.kms.katalon.core.keyword.internal.KeywordExecutor.executeKeywordForPlatform(KeywordExecutor.groovy:74)
	at com.kms.katalon.core.webui.keyword.WebUiBuiltInKeywords.click(WebUiBuiltInKeywords.groovy:620)
	at com.kms.katalon.core.webui.keyword.WebUiBuiltInKeywords$click$5.call(Unknown Source)
	at Script1664987785857.run(Script1664987785857.groovy:22)
	... 13 more
)

2023-03-15 22:03:07 - [MESSAGE][INFO] - Unable to find the element located by 'By.xpath: .//*[@role='grid']//tr[1]/td[2]'. Please recheck the objects properties to make sure the desired element is located. 

2023-03-15 22:03:07 - [MESSAGE][WARNING] - [SELF-HEALING] Failed to find element with id 'Object Repository/OR_Salesforce New/Page_Recently Viewed  Leads  Salesforce/span_Action_slds-checkbox--faux'. Try using Self-healing.

2023-03-15 22:03:08 - [MESSAGE][INFO] - [SELF-HEALING] Failed Locator: '//div[@id='brandBand_1']/div/div/div/div/div[2]/div/div/div[2]/div[2]/div/div/div/table/tbody/tr/td[2]/span/span/label/span'.

2023-03-15 22:03:08 - [MESSAGE][INFO] - [SELF-HEALING] Failed Locator: '//span/span/label/span'.

2023-03-15 22:03:10 - [MESSAGE][INFO] - Unable to find the element located by 'By.xpath: id("brandBand_1")/div[@class="slds-template__container"]/div[@class="windowViewMode-maximized oneContent active lafPageHost"]/div[@class="oneConsoleObjectHome"]/div[@class="test-listViewManager slds-card slds-card_boundary slds-grid slds-grid--vertical forceListViewManager"]/div[@class="slds-grid listDisplays safari-workaround-anchor"]/div[@class="slds-grid listViewContainer safari-workaround"]/div[@class="slds-col slds-no-space forceListViewManagerPrimaryDisplayManager"]/div[@class="undefined forceListViewManagerGrid"]/div[@class="listViewContent slds-table--header-fixed_container"]/div[@class="uiScroller scroller-wrapper scroll-bidirectional native"]/div[@class="scroller actionBarPlugin"]/div[@class="slds-table--edit_container slds-is-relative  inlineEdit--enabled keyboardMode--inactive inlineEditGrid forceInlineEditGrid"]/table[@class="slds-table forceRecordLayout slds-table--header-fixed slds-table--edit slds-table--bordered resizable-cols slds-table--resizable-cols uiVirtualDataTable slds-no-cell-focus"]/tbody[1]/tr[1]/td[@class="slds-cell-edit cellContainer"]/span[@class="slds-grid slds-grid--align-spread"]/span[@class="slds-grid slds-grid--align-spread slds-align_absolute-center checkbox-container uiInput forceVirtualCheckbox uiInput--default"]/label[@class="slds-checkbox"]/span[@class="slds-checkbox--faux"]'. Please recheck the objects properties to make sure the desired element is located. 

2023-03-15 22:03:11 - [MESSAGE][INFO] - Unable to find the element located by 'By.cssSelector: span.slds-grid.slds-grid--align-spread.slds-align_absolute-center.checkbox-container.uiInput.forceVirtualCheckbox.uiInput--default > label.slds-checkbox > span.slds-checkbox--faux'. Please recheck the objects properties to make sure the desired element is located. 

2023-03-15 22:03:11 - [MESSAGE][FAILED] - Unable to click on object 'Object Repository/OR_Salesforce New/Page_Recently Viewed  Leads  Salesforce/span_Action_slds-checkbox--faux' (Root cause: com.kms.katalon.core.exception.StepFailedException: Unable to click on object 'Object Repository/OR_Salesforce New/Page_Recently Viewed  Leads  Salesforce/span_Action_slds-checkbox--faux'
	at com.kms.katalon.core.webui.keyword.internal.WebUIKeywordMain.stepFailed(WebUIKeywordMain.groovy:64)
	at com.kms.katalon.core.webui.keyword.internal.WebUIKeywordMain.runKeyword(WebUIKeywordMain.groovy:26)
	at com.kms.katalon.core.webui.keyword.builtin.ClickKeyword.click(ClickKeyword.groovy:74)
	at com.kms.katalon.core.webui.keyword.builtin.ClickKeyword.execute(ClickKeyword.groovy:40)
	at com.kms.katalon.core.keyword.internal.KeywordExecutor.executeKeywordForPlatform(KeywordExecutor.groovy:74)
	at com.kms.katalon.core.webui.keyword.WebUiBuiltInKeywords.click(WebUiBuiltInKeywords.groovy:620)
	at com.kms.katalon.core.webui.keyword.WebUiBuiltInKeywords$click$5.call(Unknown Source)
	at Change status from a Lead.run(Change status from a Lead:22)
	at com.kms.katalon.core.main.ScriptEngine.run(ScriptEngine.java:194)
	at com.kms.katalon.core.main.ScriptEngine.runScriptAsRawText(ScriptEngine.java:119)
	at com.kms.katalon.core.main.TestCaseExecutor.runScript(TestCaseExecutor.java:448)
	at com.kms.katalon.core.main.TestCaseExecutor.doExecute(TestCaseExecutor.java:439)
	at com.kms.katalon.core.main.TestCaseExecutor.processExecutionPhase(TestCaseExecutor.java:418)
	at com.kms.katalon.core.main.TestCaseExecutor.accessMainPhase(TestCaseExecutor.java:410)
	at com.kms.katalon.core.main.TestCaseExecutor.execute(TestCaseExecutor.java:285)
	at com.kms.katalon.core.common.CommonExecutor.accessTestCaseMainPhase(CommonExecutor.java:65)
	at com.kms.katalon.core.main.TestSuiteExecutor.accessTestSuiteMainPhase(TestSuiteExecutor.java:151)
	at com.kms.katalon.core.main.TestSuiteExecutor.execute(TestSuiteExecutor.java:106)
	at com.kms.katalon.core.main.TestCaseMain.startTestSuite(TestCaseMain.java:185)
	at com.kms.katalon.core.main.TestCaseMain$startTestSuite$0.call(Unknown Source)
	at TempTestSuite1678897925999.run(TempTestSuite1678897925999.groovy:36)
Caused by: com.kms.katalon.core.webui.exception.WebElementNotFoundException: Web element with id: 'Object Repository/OR_Salesforce New/Page_Recently Viewed  Leads  Salesforce/span_Action_slds-checkbox--faux' located by './/*[@role='grid']//tr[1]/td[2]' not found
	at com.kms.katalon.core.webui.common.WebUiCommonHelper.findWebElement(WebUiCommonHelper.java:1376)
	at com.kms.katalon.core.webui.keyword.internal.WebUIAbstractKeyword.findWebElement(WebUIAbstractKeyword.groovy:27)
	at com.kms.katalon.core.webui.keyword.builtin.ClickKeyword$_click_closure1.doCall(ClickKeyword.groovy:65)
	at com.kms.katalon.core.webui.keyword.builtin.ClickKeyword$_click_closure1.call(ClickKeyword.groovy)
	at com.kms.katalon.core.webui.keyword.internal.WebUIKeywordMain.runKeyword(WebUIKeywordMain.groovy:20)
	at com.kms.katalon.core.webui.keyword.builtin.ClickKeyword.click(ClickKeyword.groovy:74)
	at com.kms.katalon.core.webui.keyword.builtin.ClickKeyword.execute(ClickKeyword.groovy:40)
	at com.kms.katalon.core.keyword.internal.KeywordExecutor.executeKeywordForPlatform(KeywordExecutor.groovy:74)
	at com.kms.katalon.core.webui.keyword.WebUiBuiltInKeywords.click(WebUiBuiltInKeywords.groovy:620)
	at com.kms.katalon.core.webui.keyword.WebUiBuiltInKeywords$click$5.call(Unknown Source)
	at Script1664987785857.run(Script1664987785857.groovy:22)
	... 13 more
)
[[ATTACHMENT|/Users/mohit/git/salesforce-katalon-sample/Reports/20230315_220205/TS_Salesforce New/20230315_220205/1678897991065.png]]

2023-03-15 22:03:11 - [TEST_STEP][PASSED] - Start listener action : sampleAfterTestCase: null

2023-03-15 22:03:11 - [TEST_STEP][PASSED] - println("After Test case- What is my test case status:- " + testCaseContext.getTestCaseStatus()): null

2023-03-15 22:03:11 - [TEST_STEP][PASSED] - if (testCaseStatus == "FAILED"): null

2023-03-15 22:03:11 - [TEST_STEP][PASSED] - SKIP_REMAINING_TEST = true: null

2023-03-15 22:03:11 - [TEST_STEP][PASSED] - Start listener action : autoUpdateJobStatus: [SAUCELABS] Current run configuration: Chrome

2023-03-15 22:03:11 - [MESSAGE][INFO] - [SAUCELABS] Current run configuration: Chrome]]></system-out>
         <system-err><![CDATA[2023-03-15 22:03:05 - [TEST_CASE][FAILED] - Test Cases/TC_Salesforce New/RecallTest/Lead/Change status from a Lead: Test Cases/TC_Salesforce New/RecallTest/Lead/Change status from a Lead FAILED.
Reason:
com.kms.katalon.core.exception.StepFailedException: Unable to click on object 'Object Repository/OR_Salesforce New/Page_Recently Viewed  Leads  Salesforce/span_Action_slds-checkbox--faux'
	at com.kms.katalon.core.webui.keyword.internal.WebUIKeywordMain.stepFailed(WebUIKeywordMain.groovy:64)
	at com.kms.katalon.core.webui.keyword.internal.WebUIKeywordMain.runKeyword(WebUIKeywordMain.groovy:26)
	at com.kms.katalon.core.webui.keyword.builtin.ClickKeyword.click(ClickKeyword.groovy:74)
	at com.kms.katalon.core.webui.keyword.builtin.ClickKeyword.execute(ClickKeyword.groovy:40)
	at com.kms.katalon.core.keyword.internal.KeywordExecutor.executeKeywordForPlatform(KeywordExecutor.groovy:74)
	at com.kms.katalon.core.webui.keyword.WebUiBuiltInKeywords.click(WebUiBuiltInKeywords.groovy:620)
	at com.kms.katalon.core.webui.keyword.WebUiBuiltInKeywords$click$5.call(Unknown Source)
	at Change status from a Lead.run(Change status from a Lead:22)
	at com.kms.katalon.core.main.ScriptEngine.run(ScriptEngine.java:194)
	at com.kms.katalon.core.main.ScriptEngine.runScriptAsRawText(ScriptEngine.java:119)
	at com.kms.katalon.core.main.TestCaseExecutor.runScript(TestCaseExecutor.java:448)
	at com.kms.katalon.core.main.TestCaseExecutor.doExecute(TestCaseExecutor.java:439)
	at com.kms.katalon.core.main.TestCaseExecutor.processExecutionPhase(TestCaseExecutor.java:418)
	at com.kms.katalon.core.main.TestCaseExecutor.accessMainPhase(TestCaseExecutor.java:410)
	at com.kms.katalon.core.main.TestCaseExecutor.execute(TestCaseExecutor.java:285)
	at com.kms.katalon.core.common.CommonExecutor.accessTestCaseMainPhase(CommonExecutor.java:65)
	at com.kms.katalon.core.main.TestSuiteExecutor.accessTestSuiteMainPhase(TestSuiteExecutor.java:151)
	at com.kms.katalon.core.main.TestSuiteExecutor.execute(TestSuiteExecutor.java:106)
	at com.kms.katalon.core.main.TestCaseMain.startTestSuite(TestCaseMain.java:185)
	at com.kms.katalon.core.main.TestCaseMain$startTestSuite$0.call(Unknown Source)
	at TempTestSuite1678897925999.run(TempTestSuite1678897925999.groovy:36)
Caused by: com.kms.katalon.core.webui.exception.WebElementNotFoundException: Web element with id: 'Object Repository/OR_Salesforce New/Page_Recently Viewed  Leads  Salesforce/span_Action_slds-checkbox--faux' located by './/*[@role='grid']//tr[1]/td[2]' not found
	at com.kms.katalon.core.webui.common.WebUiCommonHelper.findWebElement(WebUiCommonHelper.java:1376)
	at com.kms.katalon.core.webui.keyword.internal.WebUIAbstractKeyword.findWebElement(WebUIAbstractKeyword.groovy:27)
	at com.kms.katalon.core.webui.keyword.builtin.ClickKeyword$_click_closure1.doCall(ClickKeyword.groovy:65)
	at com.kms.katalon.core.webui.keyword.builtin.ClickKeyword$_click_closure1.call(ClickKeyword.groovy)
	at com.kms.katalon.core.webui.keyword.internal.WebUIKeywordMain.runKeyword(WebUIKeywordMain.groovy:20)
	... 19 more]]></system-err>
      </testcase>
      <testcase name="Test Cases/TC_Salesforce New/RecallTest/Lead/Change the Lead Owner" time="5.192" classname="Test Cases/TC_Salesforce New/RecallTest/Lead/Change the Lead Owner" status="FAILED">
         <failure type="FAILED" message="Test Cases/TC_Salesforce New/RecallTest/Lead/Change the Lead Owner FAILED.
Reason:
com.kms.katalon.core.exception.StepFailedException: Unable to click on object 'Object Repository/OR_Salesforce New/Page_Recently Viewed  Leads  Salesforce/span_Action_slds-checkbox--faux'
	at com.kms.katalon.core.webui.keyword.internal.WebUIKeywordMain.stepFailed(WebUIKeywordMain.groovy:64)
	at com.kms.katalon.core.webui.keyword.internal.WebUIKeywordMain.runKeyword(WebUIKeywordMain.groovy:26)
	at com.kms.katalon.core.webui.keyword.builtin.ClickKeyword.click(ClickKeyword.groovy:74)
	at com.kms.katalon.core.webui.keyword.builtin.ClickKeyword.execute(ClickKeyword.groovy:40)
	at com.kms.katalon.core.keyword.internal.KeywordExecutor.executeKeywordForPlatform(KeywordExecutor.groovy:74)
	at com.kms.katalon.core.webui.keyword.WebUiBuiltInKeywords.click(WebUiBuiltInKeywords.groovy:620)
	at com.kms.katalon.core.webui.keyword.WebUiBuiltInKeywords$click$5.call(Unknown Source)
	at Change the Lead Owner.run(Change the Lead Owner:22)
	at com.kms.katalon.core.main.ScriptEngine.run(ScriptEngine.java:194)
	at com.kms.katalon.core.main.ScriptEngine.runScriptAsRawText(ScriptEngine.java:119)
	at com.kms.katalon.core.main.TestCaseExecutor.runScript(TestCaseExecutor.java:448)
	at com.kms.katalon.core.main.TestCaseExecutor.doExecute(TestCaseExecutor.java:439)
	at com.kms.katalon.core.main.TestCaseExecutor.processExecutionPhase(TestCaseExecutor.java:418)
	at com.kms.katalon.core.main.TestCaseExecutor.accessMainPhase(TestCaseExecutor.java:410)
	at com.kms.katalon.core.main.TestCaseExecutor.execute(TestCaseExecutor.java:285)
	at com.kms.katalon.core.common.CommonExecutor.accessTestCaseMainPhase(CommonExecutor.java:65)
	at com.kms.katalon.core.main.TestSuiteExecutor.accessTestSuiteMainPhase(TestSuiteExecutor.java:151)
	at com.kms.katalon.core.main.TestSuiteExecutor.execute(TestSuiteExecutor.java:106)
	at com.kms.katalon.core.main.TestCaseMain.startTestSuite(TestCaseMain.java:185)
	at com.kms.katalon.core.main.TestCaseMain$startTestSuite$0.call(Unknown Source)
	at TempTestSuite1678897925999.run(TempTestSuite1678897925999.groovy:36)
Caused by: com.kms.katalon.core.webui.exception.WebElementNotFoundException: Web element with id: 'Object Repository/OR_Salesforce New/Page_Recently Viewed  Leads  Salesforce/span_Action_slds-checkbox--faux' located by './/*[@role='grid']//tr[1]/td[2]' not found
	at com.kms.katalon.core.webui.common.WebUiCommonHelper.findWebElement(WebUiCommonHelper.java:1376)
	at com.kms.katalon.core.webui.keyword.internal.WebUIAbstractKeyword.findWebElement(WebUIAbstractKeyword.groovy:27)
	at com.kms.katalon.core.webui.keyword.builtin.ClickKeyword$_click_closure1.doCall(ClickKeyword.groovy:65)
	at com.kms.katalon.core.webui.keyword.builtin.ClickKeyword$_click_closure1.call(ClickKeyword.groovy)
	at com.kms.katalon.core.webui.keyword.internal.WebUIKeywordMain.runKeyword(WebUIKeywordMain.groovy:20)
	... 19 more
"/>
         <system-out><![CDATA[2023-03-15 22:03:11 - [TEST_CASE][FAILED] - Test Cases/TC_Salesforce New/RecallTest/Lead/Change the Lead Owner: Test Cases/TC_Salesforce New/RecallTest/Lead/Change the Lead Owner FAILED.
Reason:
com.kms.katalon.core.exception.StepFailedException: Unable to click on object 'Object Repository/OR_Salesforce New/Page_Recently Viewed  Leads  Salesforce/span_Action_slds-checkbox--faux'
	at com.kms.katalon.core.webui.keyword.internal.WebUIKeywordMain.stepFailed(WebUIKeywordMain.groovy:64)
	at com.kms.katalon.core.webui.keyword.internal.WebUIKeywordMain.runKeyword(WebUIKeywordMain.groovy:26)
	at com.kms.katalon.core.webui.keyword.builtin.ClickKeyword.click(ClickKeyword.groovy:74)
	at com.kms.katalon.core.webui.keyword.builtin.ClickKeyword.execute(ClickKeyword.groovy:40)
	at com.kms.katalon.core.keyword.internal.KeywordExecutor.executeKeywordForPlatform(KeywordExecutor.groovy:74)
	at com.kms.katalon.core.webui.keyword.WebUiBuiltInKeywords.click(WebUiBuiltInKeywords.groovy:620)
	at com.kms.katalon.core.webui.keyword.WebUiBuiltInKeywords$click$5.call(Unknown Source)
	at Change the Lead Owner.run(Change the Lead Owner:22)
	at com.kms.katalon.core.main.ScriptEngine.run(ScriptEngine.java:194)
	at com.kms.katalon.core.main.ScriptEngine.runScriptAsRawText(ScriptEngine.java:119)
	at com.kms.katalon.core.main.TestCaseExecutor.runScript(TestCaseExecutor.java:448)
	at com.kms.katalon.core.main.TestCaseExecutor.doExecute(TestCaseExecutor.java:439)
	at com.kms.katalon.core.main.TestCaseExecutor.processExecutionPhase(TestCaseExecutor.java:418)
	at com.kms.katalon.core.main.TestCaseExecutor.accessMainPhase(TestCaseExecutor.java:410)
	at com.kms.katalon.core.main.TestCaseExecutor.execute(TestCaseExecutor.java:285)
	at com.kms.katalon.core.common.CommonExecutor.accessTestCaseMainPhase(CommonExecutor.java:65)
	at com.kms.katalon.core.main.TestSuiteExecutor.accessTestSuiteMainPhase(TestSuiteExecutor.java:151)
	at com.kms.katalon.core.main.TestSuiteExecutor.execute(TestSuiteExecutor.java:106)
	at com.kms.katalon.core.main.TestCaseMain.startTestSuite(TestCaseMain.java:185)
	at com.kms.katalon.core.main.TestCaseMain$startTestSuite$0.call(Unknown Source)
	at TempTestSuite1678897925999.run(TempTestSuite1678897925999.groovy:36)
Caused by: com.kms.katalon.core.webui.exception.WebElementNotFoundException: Web element with id: 'Object Repository/OR_Salesforce New/Page_Recently Viewed  Leads  Salesforce/span_Action_slds-checkbox--faux' located by './/*[@role='grid']//tr[1]/td[2]' not found
	at com.kms.katalon.core.webui.common.WebUiCommonHelper.findWebElement(WebUiCommonHelper.java:1376)
	at com.kms.katalon.core.webui.keyword.internal.WebUIAbstractKeyword.findWebElement(WebUIAbstractKeyword.groovy:27)
	at com.kms.katalon.core.webui.keyword.builtin.ClickKeyword$_click_closure1.doCall(ClickKeyword.groovy:65)
	at com.kms.katalon.core.webui.keyword.builtin.ClickKeyword$_click_closure1.call(ClickKeyword.groovy)
	at com.kms.katalon.core.webui.keyword.internal.WebUIKeywordMain.runKeyword(WebUIKeywordMain.groovy:20)
	... 19 more


2023-03-15 22:03:11 - [TEST_STEP][PASSED] - Start listener action : sampleBeforeTestCase: null

2023-03-15 22:03:11 - [TEST_STEP][PASSED] - println("Befor Test case- What is my test case status:- " + SKIP_REMAINING_TEST): null

2023-03-15 22:03:11 - [TEST_STEP][PASSED] - Start listener action : enableSauceLabs: [SAUCELABS] Saucelabs Plugin will not attempt to auto update job status and information !

2023-03-15 22:03:11 - [MESSAGE][INFO] - [SAUCELABS] Current run configuration: Chrome

2023-03-15 22:03:11 - [MESSAGE][INFO] - [SAUCELABS] Saucelabs Plugin will not attempt to auto update job status and information !

2023-03-15 22:03:11 - [TEST_STEP][NOT_RUN] - enhancedClick(findTestObject("Object Repository/OR_Salesforce New/Page_Recently Viewed  Leads  Salesforce/span_Leads")): NOT_RUN: enhancedClick(findTestObject("Object Repository/OR_Salesforce New/Page_Recently Viewed  Leads  Salesforce/span_Leads"))

2023-03-15 22:03:11 - [MESSAGE][NOT_RUN] - NOT_RUN: enhancedClick(findTestObject("Object Repository/OR_Salesforce New/Page_Recently Viewed  Leads  Salesforce/span_Leads"))

2023-03-15 22:03:11 - [TEST_STEP][FAILED] - click(findTestObject("Object Repository/OR_Salesforce New/Page_Recently Viewed  Leads  Salesforce/span_Action_slds-checkbox--faux")): Unable to click on object 'Object Repository/OR_Salesforce New/Page_Recently Viewed  Leads  Salesforce/span_Action_slds-checkbox--faux' (Root cause: com.kms.katalon.core.exception.StepFailedException: Unable to click on object 'Object Repository/OR_Salesforce New/Page_Recently Viewed  Leads  Salesforce/span_Action_slds-checkbox--faux'
	at com.kms.katalon.core.webui.keyword.internal.WebUIKeywordMain.stepFailed(WebUIKeywordMain.groovy:64)
	at com.kms.katalon.core.webui.keyword.internal.WebUIKeywordMain.runKeyword(WebUIKeywordMain.groovy:26)
	at com.kms.katalon.core.webui.keyword.builtin.ClickKeyword.click(ClickKeyword.groovy:74)
	at com.kms.katalon.core.webui.keyword.builtin.ClickKeyword.execute(ClickKeyword.groovy:40)
	at com.kms.katalon.core.keyword.internal.KeywordExecutor.executeKeywordForPlatform(KeywordExecutor.groovy:74)
	at com.kms.katalon.core.webui.keyword.WebUiBuiltInKeywords.click(WebUiBuiltInKeywords.groovy:620)
	at com.kms.katalon.core.webui.keyword.WebUiBuiltInKeywords$click$5.call(Unknown Source)
	at Change the Lead Owner.run(Change the Lead Owner:22)
	at com.kms.katalon.core.main.ScriptEngine.run(ScriptEngine.java:194)
	at com.kms.katalon.core.main.ScriptEngine.runScriptAsRawText(ScriptEngine.java:119)
	at com.kms.katalon.core.main.TestCaseExecutor.runScript(TestCaseExecutor.java:448)
	at com.kms.katalon.core.main.TestCaseExecutor.doExecute(TestCaseExecutor.java:439)
	at com.kms.katalon.core.main.TestCaseExecutor.processExecutionPhase(TestCaseExecutor.java:418)
	at com.kms.katalon.core.main.TestCaseExecutor.accessMainPhase(TestCaseExecutor.java:410)
	at com.kms.katalon.core.main.TestCaseExecutor.execute(TestCaseExecutor.java:285)
	at com.kms.katalon.core.common.CommonExecutor.accessTestCaseMainPhase(CommonExecutor.java:65)
	at com.kms.katalon.core.main.TestSuiteExecutor.accessTestSuiteMainPhase(TestSuiteExecutor.java:151)
	at com.kms.katalon.core.main.TestSuiteExecutor.execute(TestSuiteExecutor.java:106)
	at com.kms.katalon.core.main.TestCaseMain.startTestSuite(TestCaseMain.java:185)
	at com.kms.katalon.core.main.TestCaseMain$startTestSuite$0.call(Unknown Source)
	at TempTestSuite1678897925999.run(TempTestSuite1678897925999.groovy:36)
Caused by: com.kms.katalon.core.webui.exception.WebElementNotFoundException: Web element with id: 'Object Repository/OR_Salesforce New/Page_Recently Viewed  Leads  Salesforce/span_Action_slds-checkbox--faux' located by './/*[@role='grid']//tr[1]/td[2]' not found
	at com.kms.katalon.core.webui.common.WebUiCommonHelper.findWebElement(WebUiCommonHelper.java:1376)
	at com.kms.katalon.core.webui.keyword.internal.WebUIAbstractKeyword.findWebElement(WebUIAbstractKeyword.groovy:27)
	at com.kms.katalon.core.webui.keyword.builtin.ClickKeyword$_click_closure1.doCall(ClickKeyword.groovy:65)
	at com.kms.katalon.core.webui.keyword.builtin.ClickKeyword$_click_closure1.call(ClickKeyword.groovy)
	at com.kms.katalon.core.webui.keyword.internal.WebUIKeywordMain.runKeyword(WebUIKeywordMain.groovy:20)
	at com.kms.katalon.core.webui.keyword.builtin.ClickKeyword.click(ClickKeyword.groovy:74)
	at com.kms.katalon.core.webui.keyword.builtin.ClickKeyword.execute(ClickKeyword.groovy:40)
	at com.kms.katalon.core.keyword.internal.KeywordExecutor.executeKeywordForPlatform(KeywordExecutor.groovy:74)
	at com.kms.katalon.core.webui.keyword.WebUiBuiltInKeywords.click(WebUiBuiltInKeywords.groovy:620)
	at com.kms.katalon.core.webui.keyword.WebUiBuiltInKeywords$click$5.call(Unknown Source)
	at Script1664987697898.run(Script1664987697898.groovy:22)
	... 13 more
)

2023-03-15 22:03:12 - [MESSAGE][INFO] - Unable to find the element located by 'By.xpath: .//*[@role='grid']//tr[1]/td[2]'. Please recheck the objects properties to make sure the desired element is located. 

2023-03-15 22:03:12 - [MESSAGE][WARNING] - [SELF-HEALING] Failed to find element with id 'Object Repository/OR_Salesforce New/Page_Recently Viewed  Leads  Salesforce/span_Action_slds-checkbox--faux'. Try using Self-healing.

2023-03-15 22:03:13 - [MESSAGE][INFO] - [SELF-HEALING] Failed Locator: '//div[@id='brandBand_1']/div/div/div/div/div[2]/div/div/div[2]/div[2]/div/div/div/table/tbody/tr/td[2]/span/span/label/span'.

2023-03-15 22:03:13 - [MESSAGE][INFO] - [SELF-HEALING] Failed Locator: '//span/span/label/span'.

2023-03-15 22:03:13 - [MESSAGE][INFO] - [SELF-HEALING] Failed Locator: '//div[@id='brandBand_1']/div/div/div/div/div[2]/div/div/div[2]/div[2]/div/div/div/table/tbody/tr/td[2]/span/span/label/span'.

2023-03-15 22:03:14 - [MESSAGE][INFO] - [SELF-HEALING] Failed Locator: '//span/span/label/span'.

2023-03-15 22:03:15 - [MESSAGE][INFO] - Unable to find the element located by 'By.xpath: id("brandBand_1")/div[@class="slds-template__container"]/div[@class="windowViewMode-maximized oneContent active lafPageHost"]/div[@class="oneConsoleObjectHome"]/div[@class="test-listViewManager slds-card slds-card_boundary slds-grid slds-grid--vertical forceListViewManager"]/div[@class="slds-grid listDisplays safari-workaround-anchor"]/div[@class="slds-grid listViewContainer safari-workaround"]/div[@class="slds-col slds-no-space forceListViewManagerPrimaryDisplayManager"]/div[@class="undefined forceListViewManagerGrid"]/div[@class="listViewContent slds-table--header-fixed_container"]/div[@class="uiScroller scroller-wrapper scroll-bidirectional native"]/div[@class="scroller actionBarPlugin"]/div[@class="slds-table--edit_container slds-is-relative  inlineEdit--enabled keyboardMode--inactive inlineEditGrid forceInlineEditGrid"]/table[@class="slds-table forceRecordLayout slds-table--header-fixed slds-table--edit slds-table--bordered resizable-cols slds-table--resizable-cols uiVirtualDataTable slds-no-cell-focus"]/tbody[1]/tr[1]/td[@class="slds-cell-edit cellContainer"]/span[@class="slds-grid slds-grid--align-spread"]/span[@class="slds-grid slds-grid--align-spread slds-align_absolute-center checkbox-container uiInput forceVirtualCheckbox uiInput--default"]/label[@class="slds-checkbox"]/span[@class="slds-checkbox--faux"]'. Please recheck the objects properties to make sure the desired element is located. 

2023-03-15 22:03:16 - [MESSAGE][INFO] - Unable to find the element located by 'By.cssSelector: span.slds-grid.slds-grid--align-spread.slds-align_absolute-center.checkbox-container.uiInput.forceVirtualCheckbox.uiInput--default > label.slds-checkbox > span.slds-checkbox--faux'. Please recheck the objects properties to make sure the desired element is located. 

2023-03-15 22:03:16 - [MESSAGE][FAILED] - Unable to click on object 'Object Repository/OR_Salesforce New/Page_Recently Viewed  Leads  Salesforce/span_Action_slds-checkbox--faux' (Root cause: com.kms.katalon.core.exception.StepFailedException: Unable to click on object 'Object Repository/OR_Salesforce New/Page_Recently Viewed  Leads  Salesforce/span_Action_slds-checkbox--faux'
	at com.kms.katalon.core.webui.keyword.internal.WebUIKeywordMain.stepFailed(WebUIKeywordMain.groovy:64)
	at com.kms.katalon.core.webui.keyword.internal.WebUIKeywordMain.runKeyword(WebUIKeywordMain.groovy:26)
	at com.kms.katalon.core.webui.keyword.builtin.ClickKeyword.click(ClickKeyword.groovy:74)
	at com.kms.katalon.core.webui.keyword.builtin.ClickKeyword.execute(ClickKeyword.groovy:40)
	at com.kms.katalon.core.keyword.internal.KeywordExecutor.executeKeywordForPlatform(KeywordExecutor.groovy:74)
	at com.kms.katalon.core.webui.keyword.WebUiBuiltInKeywords.click(WebUiBuiltInKeywords.groovy:620)
	at com.kms.katalon.core.webui.keyword.WebUiBuiltInKeywords$click$5.call(Unknown Source)
	at Change the Lead Owner.run(Change the Lead Owner:22)
	at com.kms.katalon.core.main.ScriptEngine.run(ScriptEngine.java:194)
	at com.kms.katalon.core.main.ScriptEngine.runScriptAsRawText(ScriptEngine.java:119)
	at com.kms.katalon.core.main.TestCaseExecutor.runScript(TestCaseExecutor.java:448)
	at com.kms.katalon.core.main.TestCaseExecutor.doExecute(TestCaseExecutor.java:439)
	at com.kms.katalon.core.main.TestCaseExecutor.processExecutionPhase(TestCaseExecutor.java:418)
	at com.kms.katalon.core.main.TestCaseExecutor.accessMainPhase(TestCaseExecutor.java:410)
	at com.kms.katalon.core.main.TestCaseExecutor.execute(TestCaseExecutor.java:285)
	at com.kms.katalon.core.common.CommonExecutor.accessTestCaseMainPhase(CommonExecutor.java:65)
	at com.kms.katalon.core.main.TestSuiteExecutor.accessTestSuiteMainPhase(TestSuiteExecutor.java:151)
	at com.kms.katalon.core.main.TestSuiteExecutor.execute(TestSuiteExecutor.java:106)
	at com.kms.katalon.core.main.TestCaseMain.startTestSuite(TestCaseMain.java:185)
	at com.kms.katalon.core.main.TestCaseMain$startTestSuite$0.call(Unknown Source)
	at TempTestSuite1678897925999.run(TempTestSuite1678897925999.groovy:36)
Caused by: com.kms.katalon.core.webui.exception.WebElementNotFoundException: Web element with id: 'Object Repository/OR_Salesforce New/Page_Recently Viewed  Leads  Salesforce/span_Action_slds-checkbox--faux' located by './/*[@role='grid']//tr[1]/td[2]' not found
	at com.kms.katalon.core.webui.common.WebUiCommonHelper.findWebElement(WebUiCommonHelper.java:1376)
	at com.kms.katalon.core.webui.keyword.internal.WebUIAbstractKeyword.findWebElement(WebUIAbstractKeyword.groovy:27)
	at com.kms.katalon.core.webui.keyword.builtin.ClickKeyword$_click_closure1.doCall(ClickKeyword.groovy:65)
	at com.kms.katalon.core.webui.keyword.builtin.ClickKeyword$_click_closure1.call(ClickKeyword.groovy)
	at com.kms.katalon.core.webui.keyword.internal.WebUIKeywordMain.runKeyword(WebUIKeywordMain.groovy:20)
	at com.kms.katalon.core.webui.keyword.builtin.ClickKeyword.click(ClickKeyword.groovy:74)
	at com.kms.katalon.core.webui.keyword.builtin.ClickKeyword.execute(ClickKeyword.groovy:40)
	at com.kms.katalon.core.keyword.internal.KeywordExecutor.executeKeywordForPlatform(KeywordExecutor.groovy:74)
	at com.kms.katalon.core.webui.keyword.WebUiBuiltInKeywords.click(WebUiBuiltInKeywords.groovy:620)
	at com.kms.katalon.core.webui.keyword.WebUiBuiltInKeywords$click$5.call(Unknown Source)
	at Script1664987697898.run(Script1664987697898.groovy:22)
	... 13 more
)
[[ATTACHMENT|/Users/mohit/git/salesforce-katalon-sample/Reports/20230315_220205/TS_Salesforce New/20230315_220205/1678897996276.png]]

2023-03-15 22:03:16 - [TEST_STEP][PASSED] - Start listener action : sampleAfterTestCase: null

2023-03-15 22:03:16 - [TEST_STEP][PASSED] - println("After Test case- What is my test case status:- " + testCaseContext.getTestCaseStatus()): null

2023-03-15 22:03:16 - [TEST_STEP][PASSED] - if (testCaseStatus == "FAILED"): null

2023-03-15 22:03:16 - [TEST_STEP][PASSED] - SKIP_REMAINING_TEST = true: null

2023-03-15 22:03:16 - [TEST_STEP][PASSED] - Start listener action : autoUpdateJobStatus: [SAUCELABS] Current run configuration: Chrome

2023-03-15 22:03:16 - [MESSAGE][INFO] - [SAUCELABS] Current run configuration: Chrome]]></system-out>
         <system-err><![CDATA[2023-03-15 22:03:11 - [TEST_CASE][FAILED] - Test Cases/TC_Salesforce New/RecallTest/Lead/Change the Lead Owner: Test Cases/TC_Salesforce New/RecallTest/Lead/Change the Lead Owner FAILED.
Reason:
com.kms.katalon.core.exception.StepFailedException: Unable to click on object 'Object Repository/OR_Salesforce New/Page_Recently Viewed  Leads  Salesforce/span_Action_slds-checkbox--faux'
	at com.kms.katalon.core.webui.keyword.internal.WebUIKeywordMain.stepFailed(WebUIKeywordMain.groovy:64)
	at com.kms.katalon.core.webui.keyword.internal.WebUIKeywordMain.runKeyword(WebUIKeywordMain.groovy:26)
	at com.kms.katalon.core.webui.keyword.builtin.ClickKeyword.click(ClickKeyword.groovy:74)
	at com.kms.katalon.core.webui.keyword.builtin.ClickKeyword.execute(ClickKeyword.groovy:40)
	at com.kms.katalon.core.keyword.internal.KeywordExecutor.executeKeywordForPlatform(KeywordExecutor.groovy:74)
	at com.kms.katalon.core.webui.keyword.WebUiBuiltInKeywords.click(WebUiBuiltInKeywords.groovy:620)
	at com.kms.katalon.core.webui.keyword.WebUiBuiltInKeywords$click$5.call(Unknown Source)
	at Change the Lead Owner.run(Change the Lead Owner:22)
	at com.kms.katalon.core.main.ScriptEngine.run(ScriptEngine.java:194)
	at com.kms.katalon.core.main.ScriptEngine.runScriptAsRawText(ScriptEngine.java:119)
	at com.kms.katalon.core.main.TestCaseExecutor.runScript(TestCaseExecutor.java:448)
	at com.kms.katalon.core.main.TestCaseExecutor.doExecute(TestCaseExecutor.java:439)
	at com.kms.katalon.core.main.TestCaseExecutor.processExecutionPhase(TestCaseExecutor.java:418)
	at com.kms.katalon.core.main.TestCaseExecutor.accessMainPhase(TestCaseExecutor.java:410)
	at com.kms.katalon.core.main.TestCaseExecutor.execute(TestCaseExecutor.java:285)
	at com.kms.katalon.core.common.CommonExecutor.accessTestCaseMainPhase(CommonExecutor.java:65)
	at com.kms.katalon.core.main.TestSuiteExecutor.accessTestSuiteMainPhase(TestSuiteExecutor.java:151)
	at com.kms.katalon.core.main.TestSuiteExecutor.execute(TestSuiteExecutor.java:106)
	at com.kms.katalon.core.main.TestCaseMain.startTestSuite(TestCaseMain.java:185)
	at com.kms.katalon.core.main.TestCaseMain$startTestSuite$0.call(Unknown Source)
	at TempTestSuite1678897925999.run(TempTestSuite1678897925999.groovy:36)
Caused by: com.kms.katalon.core.webui.exception.WebElementNotFoundException: Web element with id: 'Object Repository/OR_Salesforce New/Page_Recently Viewed  Leads  Salesforce/span_Action_slds-checkbox--faux' located by './/*[@role='grid']//tr[1]/td[2]' not found
	at com.kms.katalon.core.webui.common.WebUiCommonHelper.findWebElement(WebUiCommonHelper.java:1376)
	at com.kms.katalon.core.webui.keyword.internal.WebUIAbstractKeyword.findWebElement(WebUIAbstractKeyword.groovy:27)
	at com.kms.katalon.core.webui.keyword.builtin.ClickKeyword$_click_closure1.doCall(ClickKeyword.groovy:65)
	at com.kms.katalon.core.webui.keyword.builtin.ClickKeyword$_click_closure1.call(ClickKeyword.groovy)
	at com.kms.katalon.core.webui.keyword.internal.WebUIKeywordMain.runKeyword(WebUIKeywordMain.groovy:20)
	... 19 more]]></system-err>
      </testcase>
      <testcase name="Test Cases/TC_Salesforce New/RecallTest/Lead/Search a Lead by name and Delete a Lead" time="13.032" classname="Test Cases/TC_Salesforce New/RecallTest/Lead/Search a Lead by name and Delete a Lead" status="FAILED">
         <failure type="FAILED" message="Test Cases/TC_Salesforce New/RecallTest/Lead/Search a Lead by name and Delete a Lead FAILED.
Reason:
com.kms.katalon.core.exception.StepFailedException: Unable to click on object 'Object Repository/OR_Salesforce New/Page_Mohit Sharma  Salesforce/button_Delete'
	at com.kms.katalon.core.webui.keyword.internal.WebUIKeywordMain.stepFailed(WebUIKeywordMain.groovy:64)
	at com.kms.katalon.core.webui.keyword.internal.WebUIKeywordMain.runKeyword(WebUIKeywordMain.groovy:26)
	at com.kms.katalon.core.webui.keyword.builtin.ClickKeyword.click(ClickKeyword.groovy:74)
	at com.kms.katalon.core.webui.keyword.builtin.ClickKeyword.execute(ClickKeyword.groovy:40)
	at com.kms.katalon.core.keyword.internal.KeywordExecutor.executeKeywordForPlatform(KeywordExecutor.groovy:74)
	at com.kms.katalon.core.webui.keyword.WebUiBuiltInKeywords.click(WebUiBuiltInKeywords.groovy:620)
	at com.kms.katalon.core.webui.keyword.WebUiBuiltInKeywords$click$5.call(Unknown Source)
	at Search a Lead by name and Delete a Lead.run(Search a Lead by name and Delete a Lead:28)
	at com.kms.katalon.core.main.ScriptEngine.run(ScriptEngine.java:194)
	at com.kms.katalon.core.main.ScriptEngine.runScriptAsRawText(ScriptEngine.java:119)
	at com.kms.katalon.core.main.TestCaseExecutor.runScript(TestCaseExecutor.java:448)
	at com.kms.katalon.core.main.TestCaseExecutor.doExecute(TestCaseExecutor.java:439)
	at com.kms.katalon.core.main.TestCaseExecutor.processExecutionPhase(TestCaseExecutor.java:418)
	at com.kms.katalon.core.main.TestCaseExecutor.accessMainPhase(TestCaseExecutor.java:410)
	at com.kms.katalon.core.main.TestCaseExecutor.execute(TestCaseExecutor.java:285)
	at com.kms.katalon.core.common.CommonExecutor.accessTestCaseMainPhase(CommonExecutor.java:65)
	at com.kms.katalon.core.main.TestSuiteExecutor.accessTestSuiteMainPhase(TestSuiteExecutor.java:151)
	at com.kms.katalon.core.main.TestSuiteExecutor.execute(TestSuiteExecutor.java:106)
	at com.kms.katalon.core.main.TestCaseMain.startTestSuite(TestCaseMain.java:185)
	at com.kms.katalon.core.main.TestCaseMain$startTestSuite$0.call(Unknown Source)
	at TempTestSuite1678897925999.run(TempTestSuite1678897925999.groovy:36)
Caused by: com.kms.katalon.core.webui.exception.WebElementNotFoundException: Web element with id: 'Object Repository/OR_Salesforce New/Page_Mohit Sharma  Salesforce/button_Delete' located by '//*[@class = 'slds-button slds-button_neutral' and @name = 'Delete' and @type = 'button' and (text() = 'Delete' or . = 'Delete')]' not found
	at com.kms.katalon.core.webui.common.WebUiCommonHelper.findWebElement(WebUiCommonHelper.java:1376)
	at com.kms.katalon.core.webui.keyword.internal.WebUIAbstractKeyword.findWebElement(WebUIAbstractKeyword.groovy:27)
	at com.kms.katalon.core.webui.keyword.builtin.ClickKeyword$_click_closure1.doCall(ClickKeyword.groovy:65)
	at com.kms.katalon.core.webui.keyword.builtin.ClickKeyword$_click_closure1.call(ClickKeyword.groovy)
	at com.kms.katalon.core.webui.keyword.internal.WebUIKeywordMain.runKeyword(WebUIKeywordMain.groovy:20)
	... 19 more
"/>
         <system-out><![CDATA[2023-03-15 22:03:16 - [TEST_CASE][FAILED] - Test Cases/TC_Salesforce New/RecallTest/Lead/Search a Lead by name and Delete a Lead: Test Cases/TC_Salesforce New/RecallTest/Lead/Search a Lead by name and Delete a Lead FAILED.
Reason:
com.kms.katalon.core.exception.StepFailedException: Unable to click on object 'Object Repository/OR_Salesforce New/Page_Mohit Sharma  Salesforce/button_Delete'
	at com.kms.katalon.core.webui.keyword.internal.WebUIKeywordMain.stepFailed(WebUIKeywordMain.groovy:64)
	at com.kms.katalon.core.webui.keyword.internal.WebUIKeywordMain.runKeyword(WebUIKeywordMain.groovy:26)
	at com.kms.katalon.core.webui.keyword.builtin.ClickKeyword.click(ClickKeyword.groovy:74)
	at com.kms.katalon.core.webui.keyword.builtin.ClickKeyword.execute(ClickKeyword.groovy:40)
	at com.kms.katalon.core.keyword.internal.KeywordExecutor.executeKeywordForPlatform(KeywordExecutor.groovy:74)
	at com.kms.katalon.core.webui.keyword.WebUiBuiltInKeywords.click(WebUiBuiltInKeywords.groovy:620)
	at com.kms.katalon.core.webui.keyword.WebUiBuiltInKeywords$click$5.call(Unknown Source)
	at Search a Lead by name and Delete a Lead.run(Search a Lead by name and Delete a Lead:28)
	at com.kms.katalon.core.main.ScriptEngine.run(ScriptEngine.java:194)
	at com.kms.katalon.core.main.ScriptEngine.runScriptAsRawText(ScriptEngine.java:119)
	at com.kms.katalon.core.main.TestCaseExecutor.runScript(TestCaseExecutor.java:448)
	at com.kms.katalon.core.main.TestCaseExecutor.doExecute(TestCaseExecutor.java:439)
	at com.kms.katalon.core.main.TestCaseExecutor.processExecutionPhase(TestCaseExecutor.java:418)
	at com.kms.katalon.core.main.TestCaseExecutor.accessMainPhase(TestCaseExecutor.java:410)
	at com.kms.katalon.core.main.TestCaseExecutor.execute(TestCaseExecutor.java:285)
	at com.kms.katalon.core.common.CommonExecutor.accessTestCaseMainPhase(CommonExecutor.java:65)
	at com.kms.katalon.core.main.TestSuiteExecutor.accessTestSuiteMainPhase(TestSuiteExecutor.java:151)
	at com.kms.katalon.core.main.TestSuiteExecutor.execute(TestSuiteExecutor.java:106)
	at com.kms.katalon.core.main.TestCaseMain.startTestSuite(TestCaseMain.java:185)
	at com.kms.katalon.core.main.TestCaseMain$startTestSuite$0.call(Unknown Source)
	at TempTestSuite1678897925999.run(TempTestSuite1678897925999.groovy:36)
Caused by: com.kms.katalon.core.webui.exception.WebElementNotFoundException: Web element with id: 'Object Repository/OR_Salesforce New/Page_Mohit Sharma  Salesforce/button_Delete' located by '//*[@class = 'slds-button slds-button_neutral' and @name = 'Delete' and @type = 'button' and (text() = 'Delete' or . = 'Delete')]' not found
	at com.kms.katalon.core.webui.common.WebUiCommonHelper.findWebElement(WebUiCommonHelper.java:1376)
	at com.kms.katalon.core.webui.keyword.internal.WebUIAbstractKeyword.findWebElement(WebUIAbstractKeyword.groovy:27)
	at com.kms.katalon.core.webui.keyword.builtin.ClickKeyword$_click_closure1.doCall(ClickKeyword.groovy:65)
	at com.kms.katalon.core.webui.keyword.builtin.ClickKeyword$_click_closure1.call(ClickKeyword.groovy)
	at com.kms.katalon.core.webui.keyword.internal.WebUIKeywordMain.runKeyword(WebUIKeywordMain.groovy:20)
	... 19 more


2023-03-15 22:03:16 - [TEST_STEP][PASSED] - Start listener action : sampleBeforeTestCase: null

2023-03-15 22:03:16 - [TEST_STEP][PASSED] - println("Befor Test case- What is my test case status:- " + SKIP_REMAINING_TEST): null

2023-03-15 22:03:16 - [TEST_STEP][PASSED] - Start listener action : enableSauceLabs: [SAUCELABS] Saucelabs Plugin will not attempt to auto update job status and information !

2023-03-15 22:03:16 - [MESSAGE][INFO] - [SAUCELABS] Current run configuration: Chrome

2023-03-15 22:03:16 - [MESSAGE][INFO] - [SAUCELABS] Saucelabs Plugin will not attempt to auto update job status and information !

2023-03-15 22:03:16 - [TEST_STEP][PASSED] - click(findTestObject("Object Repository/OR_Salesforce New/Page_Recently Viewed  Leads  Salesforce/button_Search")): Object: 'Object Repository/OR_Salesforce New/Page_Recently Viewed  Leads  Salesforce/button_Search' is clicked on

2023-03-15 22:03:17 - [MESSAGE][PASSED] - Object: 'Object Repository/OR_Salesforce New/Page_Recently Viewed  Leads  Salesforce/button_Search' is clicked on

2023-03-15 22:03:17 - [TEST_STEP][PASSED] - delay(2): Delayed 2 second(s)

2023-03-15 22:03:19 - [MESSAGE][PASSED] - Delayed 2 second(s)

2023-03-15 22:03:19 - [TEST_STEP][PASSED] - sendKeys(findTestObject("OR_Salesforce New/Page_Recently Viewed  Leads  Salesforce/input_search"), "Mohit Kumar Sharma"): Keys 'Mohit Kumar Sharma' sent to object: 'Object Repository/OR_Salesforce New/Page_Recently Viewed  Leads  Salesforce/input_search'

2023-03-15 22:03:19 - [MESSAGE][PASSED] - Keys 'Mohit Kumar Sharma' sent to object: 'Object Repository/OR_Salesforce New/Page_Recently Viewed  Leads  Salesforce/input_search'

2023-03-15 22:03:19 - [TEST_STEP][PASSED] - click(findTestObject("Object Repository/OR_Salesforce New/Page_Recently Viewed  Leads  Salesforce/img")): Object: 'Object Repository/OR_Salesforce New/Page_Recently Viewed  Leads  Salesforce/img' is clicked on

2023-03-15 22:03:21 - [MESSAGE][PASSED] - Object: 'Object Repository/OR_Salesforce New/Page_Recently Viewed  Leads  Salesforce/img' is clicked on

2023-03-15 22:03:21 - [TEST_STEP][FAILED] - click(findTestObject("Object Repository/OR_Salesforce New/Page_Mohit Sharma  Salesforce/button_Delete")): Unable to click on object 'Object Repository/OR_Salesforce New/Page_Mohit Sharma  Salesforce/button_Delete' (Root cause: com.kms.katalon.core.exception.StepFailedException: Unable to click on object 'Object Repository/OR_Salesforce New/Page_Mohit Sharma  Salesforce/button_Delete'
	at com.kms.katalon.core.webui.keyword.internal.WebUIKeywordMain.stepFailed(WebUIKeywordMain.groovy:64)
	at com.kms.katalon.core.webui.keyword.internal.WebUIKeywordMain.runKeyword(WebUIKeywordMain.groovy:26)
	at com.kms.katalon.core.webui.keyword.builtin.ClickKeyword.click(ClickKeyword.groovy:74)
	at com.kms.katalon.core.webui.keyword.builtin.ClickKeyword.execute(ClickKeyword.groovy:40)
	at com.kms.katalon.core.keyword.internal.KeywordExecutor.executeKeywordForPlatform(KeywordExecutor.groovy:74)
	at com.kms.katalon.core.webui.keyword.WebUiBuiltInKeywords.click(WebUiBuiltInKeywords.groovy:620)
	at com.kms.katalon.core.webui.keyword.WebUiBuiltInKeywords$click$5.call(Unknown Source)
	at Search a Lead by name and Delete a Lead.run(Search a Lead by name and Delete a Lead:28)
	at com.kms.katalon.core.main.ScriptEngine.run(ScriptEngine.java:194)
	at com.kms.katalon.core.main.ScriptEngine.runScriptAsRawText(ScriptEngine.java:119)
	at com.kms.katalon.core.main.TestCaseExecutor.runScript(TestCaseExecutor.java:448)
	at com.kms.katalon.core.main.TestCaseExecutor.doExecute(TestCaseExecutor.java:439)
	at com.kms.katalon.core.main.TestCaseExecutor.processExecutionPhase(TestCaseExecutor.java:418)
	at com.kms.katalon.core.main.TestCaseExecutor.accessMainPhase(TestCaseExecutor.java:410)
	at com.kms.katalon.core.main.TestCaseExecutor.execute(TestCaseExecutor.java:285)
	at com.kms.katalon.core.common.CommonExecutor.accessTestCaseMainPhase(CommonExecutor.java:65)
	at com.kms.katalon.core.main.TestSuiteExecutor.accessTestSuiteMainPhase(TestSuiteExecutor.java:151)
	at com.kms.katalon.core.main.TestSuiteExecutor.execute(TestSuiteExecutor.java:106)
	at com.kms.katalon.core.main.TestCaseMain.startTestSuite(TestCaseMain.java:185)
	at com.kms.katalon.core.main.TestCaseMain$startTestSuite$0.call(Unknown Source)
	at TempTestSuite1678897925999.run(TempTestSuite1678897925999.groovy:36)
Caused by: com.kms.katalon.core.webui.exception.WebElementNotFoundException: Web element with id: 'Object Repository/OR_Salesforce New/Page_Mohit Sharma  Salesforce/button_Delete' located by '//*[@class = 'slds-button slds-button_neutral' and @name = 'Delete' and @type = 'button' and (text() = 'Delete' or . = 'Delete')]' not found
	at com.kms.katalon.core.webui.common.WebUiCommonHelper.findWebElement(WebUiCommonHelper.java:1376)
	at com.kms.katalon.core.webui.keyword.internal.WebUIAbstractKeyword.findWebElement(WebUIAbstractKeyword.groovy:27)
	at com.kms.katalon.core.webui.keyword.builtin.ClickKeyword$_click_closure1.doCall(ClickKeyword.groovy:65)
	at com.kms.katalon.core.webui.keyword.builtin.ClickKeyword$_click_closure1.call(ClickKeyword.groovy)
	at com.kms.katalon.core.webui.keyword.internal.WebUIKeywordMain.runKeyword(WebUIKeywordMain.groovy:20)
	at com.kms.katalon.core.webui.keyword.builtin.ClickKeyword.click(ClickKeyword.groovy:74)
	at com.kms.katalon.core.webui.keyword.builtin.ClickKeyword.execute(ClickKeyword.groovy:40)
	at com.kms.katalon.core.keyword.internal.KeywordExecutor.executeKeywordForPlatform(KeywordExecutor.groovy:74)
	at com.kms.katalon.core.webui.keyword.WebUiBuiltInKeywords.click(WebUiBuiltInKeywords.groovy:620)
	at com.kms.katalon.core.webui.keyword.WebUiBuiltInKeywords$click$5.call(Unknown Source)
	at Script1664987747564.run(Script1664987747564.groovy:28)
	... 13 more
)

2023-03-15 22:03:23 - [MESSAGE][INFO] - Unable to find the element located by 'By.xpath: //*[@class = 'slds-button slds-button_neutral' and @name = 'Delete' and @type = 'button' and (text() = 'Delete' or . = 'Delete')]'. Please recheck the objects properties to make sure the desired element is located. 

2023-03-15 22:03:23 - [MESSAGE][WARNING] - [SELF-HEALING] Failed to find element with id 'Object Repository/OR_Salesforce New/Page_Mohit Sharma  Salesforce/button_Delete'. Try using Self-healing.

2023-03-15 22:03:24 - [MESSAGE][INFO] - Unable to find the element located by 'By.xpath: (.//*[normalize-space(text()) and normalize-space(.)='Edit'])[1]/following::button[1]'. Please recheck the objects properties to make sure the desired element is located. 

2023-03-15 22:03:24 - [MESSAGE][INFO] - [SELF-HEALING] Failed Locator: '(.//*[normalize-space(text()) and normalize-space(.)='Edit'])[1]/following::button[1]'.

2023-03-15 22:03:25 - [MESSAGE][INFO] - [SELF-HEALING] Failed Locator: '(.//*[normalize-space(text()) and normalize-space(.)='Follow'])[1]/following::button[2]'.

2023-03-15 22:03:25 - [MESSAGE][INFO] - [SELF-HEALING] Failed Locator: '(.//*[normalize-space(text()) and normalize-space(.)='Clone'])[1]/preceding::button[1]'.

2023-03-15 22:03:26 - [MESSAGE][INFO] - [SELF-HEALING] Failed Locator: '(.//*[normalize-space(text()) and normalize-space(.)='Show more actions'])[1]/preceding::button[2]'.

2023-03-15 22:03:26 - [MESSAGE][INFO] - [SELF-HEALING] Failed Locator: '//*/text()[normalize-space(.)='Delete']/parent::*'.

2023-03-15 22:03:26 - [MESSAGE][INFO] - [SELF-HEALING] Failed Locator: '//button[@name='Delete']'.

2023-03-15 22:03:27 - [MESSAGE][INFO] - [SELF-HEALING] Failed Locator: '//div[@id='brandBand_2']/div/div/div[2]/div/one-record-home-flexipage2/forcegenerated-adg-rollup_component___force-generated__flexipage_-record-page___-new_-katalon_-lead_-page___-lead___-v-i-e-w/forcegenerated-flexipage_new_katalon_lead_page_lead__view_js/record_flexipage-record-page-decorator/div/records-record-layout-event-broker/slot/slot/flexipage-record-home-template-desktop2/div/div/slot/flexipage-component2/slot/records-lwc-highlights-panel/records-lwc-record-layout/forcegenerated-highlightspanel_lead___012000000000000aaa___compact___view___recordlayout2/records-highlights2/div/div/div[3]/div/runtime_platform_actions-actions-ribbon/ul/li[2]/runtime_platform_actions-action-renderer/runtime_platform_actions-executor-aura-legacy/slot/slot/lightning-button/button'.

2023-03-15 22:03:27 - [MESSAGE][INFO] - [SELF-HEALING] Failed Locator: '//runtime_platform_actions-executor-aura-legacy/slot/slot/lightning-button/button'.

2023-03-15 22:03:28 - [MESSAGE][INFO] - [SELF-HEALING] Failed Locator: '//button[@class = 'slds-button slds-button_neutral' and @name = 'Delete' and @type = 'button' and (text() = 'Delete' or . = 'Delete')]'.

2023-03-15 22:03:29 - [MESSAGE][INFO] - Unable to find the element located by 'By.cssSelector: button[name="Delete"]'. Please recheck the objects properties to make sure the desired element is located. 

2023-03-15 22:03:29 - [MESSAGE][FAILED] - Unable to click on object 'Object Repository/OR_Salesforce New/Page_Mohit Sharma  Salesforce/button_Delete' (Root cause: com.kms.katalon.core.exception.StepFailedException: Unable to click on object 'Object Repository/OR_Salesforce New/Page_Mohit Sharma  Salesforce/button_Delete'
	at com.kms.katalon.core.webui.keyword.internal.WebUIKeywordMain.stepFailed(WebUIKeywordMain.groovy:64)
	at com.kms.katalon.core.webui.keyword.internal.WebUIKeywordMain.runKeyword(WebUIKeywordMain.groovy:26)
	at com.kms.katalon.core.webui.keyword.builtin.ClickKeyword.click(ClickKeyword.groovy:74)
	at com.kms.katalon.core.webui.keyword.builtin.ClickKeyword.execute(ClickKeyword.groovy:40)
	at com.kms.katalon.core.keyword.internal.KeywordExecutor.executeKeywordForPlatform(KeywordExecutor.groovy:74)
	at com.kms.katalon.core.webui.keyword.WebUiBuiltInKeywords.click(WebUiBuiltInKeywords.groovy:620)
	at com.kms.katalon.core.webui.keyword.WebUiBuiltInKeywords$click$5.call(Unknown Source)
	at Search a Lead by name and Delete a Lead.run(Search a Lead by name and Delete a Lead:28)
	at com.kms.katalon.core.main.ScriptEngine.run(ScriptEngine.java:194)
	at com.kms.katalon.core.main.ScriptEngine.runScriptAsRawText(ScriptEngine.java:119)
	at com.kms.katalon.core.main.TestCaseExecutor.runScript(TestCaseExecutor.java:448)
	at com.kms.katalon.core.main.TestCaseExecutor.doExecute(TestCaseExecutor.java:439)
	at com.kms.katalon.core.main.TestCaseExecutor.processExecutionPhase(TestCaseExecutor.java:418)
	at com.kms.katalon.core.main.TestCaseExecutor.accessMainPhase(TestCaseExecutor.java:410)
	at com.kms.katalon.core.main.TestCaseExecutor.execute(TestCaseExecutor.java:285)
	at com.kms.katalon.core.common.CommonExecutor.accessTestCaseMainPhase(CommonExecutor.java:65)
	at com.kms.katalon.core.main.TestSuiteExecutor.accessTestSuiteMainPhase(TestSuiteExecutor.java:151)
	at com.kms.katalon.core.main.TestSuiteExecutor.execute(TestSuiteExecutor.java:106)
	at com.kms.katalon.core.main.TestCaseMain.startTestSuite(TestCaseMain.java:185)
	at com.kms.katalon.core.main.TestCaseMain$startTestSuite$0.call(Unknown Source)
	at TempTestSuite1678897925999.run(TempTestSuite1678897925999.groovy:36)
Caused by: com.kms.katalon.core.webui.exception.WebElementNotFoundException: Web element with id: 'Object Repository/OR_Salesforce New/Page_Mohit Sharma  Salesforce/button_Delete' located by '//*[@class = 'slds-button slds-button_neutral' and @name = 'Delete' and @type = 'button' and (text() = 'Delete' or . = 'Delete')]' not found
	at com.kms.katalon.core.webui.common.WebUiCommonHelper.findWebElement(WebUiCommonHelper.java:1376)
	at com.kms.katalon.core.webui.keyword.internal.WebUIAbstractKeyword.findWebElement(WebUIAbstractKeyword.groovy:27)
	at com.kms.katalon.core.webui.keyword.builtin.ClickKeyword$_click_closure1.doCall(ClickKeyword.groovy:65)
	at com.kms.katalon.core.webui.keyword.builtin.ClickKeyword$_click_closure1.call(ClickKeyword.groovy)
	at com.kms.katalon.core.webui.keyword.internal.WebUIKeywordMain.runKeyword(WebUIKeywordMain.groovy:20)
	at com.kms.katalon.core.webui.keyword.builtin.ClickKeyword.click(ClickKeyword.groovy:74)
	at com.kms.katalon.core.webui.keyword.builtin.ClickKeyword.execute(ClickKeyword.groovy:40)
	at com.kms.katalon.core.keyword.internal.KeywordExecutor.executeKeywordForPlatform(KeywordExecutor.groovy:74)
	at com.kms.katalon.core.webui.keyword.WebUiBuiltInKeywords.click(WebUiBuiltInKeywords.groovy:620)
	at com.kms.katalon.core.webui.keyword.WebUiBuiltInKeywords$click$5.call(Unknown Source)
	at Script1664987747564.run(Script1664987747564.groovy:28)
	... 13 more
)
[[ATTACHMENT|/Users/mohit/git/salesforce-katalon-sample/Reports/20230315_220205/TS_Salesforce New/20230315_220205/1678898009330.png]]

2023-03-15 22:03:29 - [TEST_STEP][PASSED] - Start listener action : sampleAfterTestCase: null

2023-03-15 22:03:29 - [TEST_STEP][PASSED] - println("After Test case- What is my test case status:- " + testCaseContext.getTestCaseStatus()): null

2023-03-15 22:03:29 - [TEST_STEP][PASSED] - if (testCaseStatus == "FAILED"): null

2023-03-15 22:03:29 - [TEST_STEP][PASSED] - SKIP_REMAINING_TEST = true: null

2023-03-15 22:03:29 - [TEST_STEP][PASSED] - Start listener action : autoUpdateJobStatus: [SAUCELABS] Current run configuration: Chrome

2023-03-15 22:03:29 - [MESSAGE][INFO] - [SAUCELABS] Current run configuration: Chrome]]></system-out>
         <system-err><![CDATA[2023-03-15 22:03:16 - [TEST_CASE][FAILED] - Test Cases/TC_Salesforce New/RecallTest/Lead/Search a Lead by name and Delete a Lead: Test Cases/TC_Salesforce New/RecallTest/Lead/Search a Lead by name and Delete a Lead FAILED.
Reason:
com.kms.katalon.core.exception.StepFailedException: Unable to click on object 'Object Repository/OR_Salesforce New/Page_Mohit Sharma  Salesforce/button_Delete'
	at com.kms.katalon.core.webui.keyword.internal.WebUIKeywordMain.stepFailed(WebUIKeywordMain.groovy:64)
	at com.kms.katalon.core.webui.keyword.internal.WebUIKeywordMain.runKeyword(WebUIKeywordMain.groovy:26)
	at com.kms.katalon.core.webui.keyword.builtin.ClickKeyword.click(ClickKeyword.groovy:74)
	at com.kms.katalon.core.webui.keyword.builtin.ClickKeyword.execute(ClickKeyword.groovy:40)
	at com.kms.katalon.core.keyword.internal.KeywordExecutor.executeKeywordForPlatform(KeywordExecutor.groovy:74)
	at com.kms.katalon.core.webui.keyword.WebUiBuiltInKeywords.click(WebUiBuiltInKeywords.groovy:620)
	at com.kms.katalon.core.webui.keyword.WebUiBuiltInKeywords$click$5.call(Unknown Source)
	at Search a Lead by name and Delete a Lead.run(Search a Lead by name and Delete a Lead:28)
	at com.kms.katalon.core.main.ScriptEngine.run(ScriptEngine.java:194)
	at com.kms.katalon.core.main.ScriptEngine.runScriptAsRawText(ScriptEngine.java:119)
	at com.kms.katalon.core.main.TestCaseExecutor.runScript(TestCaseExecutor.java:448)
	at com.kms.katalon.core.main.TestCaseExecutor.doExecute(TestCaseExecutor.java:439)
	at com.kms.katalon.core.main.TestCaseExecutor.processExecutionPhase(TestCaseExecutor.java:418)
	at com.kms.katalon.core.main.TestCaseExecutor.accessMainPhase(TestCaseExecutor.java:410)
	at com.kms.katalon.core.main.TestCaseExecutor.execute(TestCaseExecutor.java:285)
	at com.kms.katalon.core.common.CommonExecutor.accessTestCaseMainPhase(CommonExecutor.java:65)
	at com.kms.katalon.core.main.TestSuiteExecutor.accessTestSuiteMainPhase(TestSuiteExecutor.java:151)
	at com.kms.katalon.core.main.TestSuiteExecutor.execute(TestSuiteExecutor.java:106)
	at com.kms.katalon.core.main.TestCaseMain.startTestSuite(TestCaseMain.java:185)
	at com.kms.katalon.core.main.TestCaseMain$startTestSuite$0.call(Unknown Source)
	at TempTestSuite1678897925999.run(TempTestSuite1678897925999.groovy:36)
Caused by: com.kms.katalon.core.webui.exception.WebElementNotFoundException: Web element with id: 'Object Repository/OR_Salesforce New/Page_Mohit Sharma  Salesforce/button_Delete' located by '//*[@class = 'slds-button slds-button_neutral' and @name = 'Delete' and @type = 'button' and (text() = 'Delete' or . = 'Delete')]' not found
	at com.kms.katalon.core.webui.common.WebUiCommonHelper.findWebElement(WebUiCommonHelper.java:1376)
	at com.kms.katalon.core.webui.keyword.internal.WebUIAbstractKeyword.findWebElement(WebUIAbstractKeyword.groovy:27)
	at com.kms.katalon.core.webui.keyword.builtin.ClickKeyword$_click_closure1.doCall(ClickKeyword.groovy:65)
	at com.kms.katalon.core.webui.keyword.builtin.ClickKeyword$_click_closure1.call(ClickKeyword.groovy)
	at com.kms.katalon.core.webui.keyword.internal.WebUIKeywordMain.runKeyword(WebUIKeywordMain.groovy:20)
	... 19 more]]></system-err>
      </testcase>
      <testcase name="Test Cases/TC_Salesforce New/RecallTest/SetupTeardown/Close application" time="0.452" classname="Test Cases/TC_Salesforce New/RecallTest/SetupTeardown/Close application" status="PASSED">
         <system-out><![CDATA[2023-03-15 22:03:29 - [TEST_CASE][PASSED] - Test Cases/TC_Salesforce New/RecallTest/SetupTeardown/Close application: Test Cases/TC_Salesforce New/RecallTest/SetupTeardown/Close application

2023-03-15 22:03:29 - [TEST_STEP][PASSED] - Start listener action : sampleBeforeTestCase: null

2023-03-15 22:03:29 - [TEST_STEP][PASSED] - println("Befor Test case- What is my test case status:- " + SKIP_REMAINING_TEST): null

2023-03-15 22:03:29 - [TEST_STEP][PASSED] - Start listener action : enableSauceLabs: [SAUCELABS] Saucelabs Plugin will not attempt to auto update job status and information !

2023-03-15 22:03:29 - [MESSAGE][INFO] - [SAUCELABS] Current run configuration: Chrome

2023-03-15 22:03:29 - [MESSAGE][INFO] - [SAUCELABS] Saucelabs Plugin will not attempt to auto update job status and information !

2023-03-15 22:03:29 - [TEST_STEP][PASSED] - closeBrowser(): Browser is closed

2023-03-15 22:03:30 - [MESSAGE][PASSED] - Browser is closed

2023-03-15 22:03:30 - [TEST_STEP][PASSED] - Start listener action : sampleAfterTestCase: null

2023-03-15 22:03:30 - [TEST_STEP][PASSED] - println("After Test case- What is my test case status:- " + testCaseContext.getTestCaseStatus()): null

2023-03-15 22:03:30 - [TEST_STEP][PASSED] - if (testCaseStatus == "FAILED"): null

2023-03-15 22:03:30 - [TEST_STEP][PASSED] - Start listener action : autoUpdateJobStatus: [SAUCELABS] Current run configuration: Chrome

2023-03-15 22:03:30 - [MESSAGE][INFO] - [SAUCELABS] Current run configuration: Chrome]]></system-out>
         <system-err><![CDATA[]]></system-err>
      </testcase>
      <system-out><![CDATA[2023-03-15 22:02:18 - [TEST_SUITE][FAILED] - TS_Salesforce New: Test Cases/TC_Salesforce New/RecallTest/Lead/Create a Lead FAILED.
Reason:
com.kms.katalon.core.exception.StepFailedException: Unable to accept alert
	at com.kms.katalon.core.webui.keyword.internal.WebUIKeywordMain.stepFailed(WebUIKeywordMain.groovy:64)
	at com.kms.katalon.core.webui.keyword.internal.WebUIKeywordMain.runKeyword(WebUIKeywordMain.groovy:26)
	at com.kms.katalon.core.webui.keyword.builtin.AcceptAlertKeyword.acceptAlert(AcceptAlertKeyword.groovy:71)
	at com.kms.katalon.core.webui.keyword.builtin.AcceptAlertKeyword.execute(AcceptAlertKeyword.groovy:66)
	at com.kms.katalon.core.keyword.internal.KeywordExecutor.executeKeywordForPlatform(KeywordExecutor.groovy:74)
	at com.kms.katalon.core.webui.keyword.WebUiBuiltInKeywords.acceptAlert(WebUiBuiltInKeywords.groovy:1522)
	at com.kms.katalon.core.webui.keyword.WebUiBuiltInKeywords$acceptAlert$8.call(Unknown Source)
	at Create a Lead.run(Create a Lead:46)
	at com.kms.katalon.core.main.ScriptEngine.run(ScriptEngine.java:194)
	at com.kms.katalon.core.main.ScriptEngine.runScriptAsRawText(ScriptEngine.java:119)
	at com.kms.katalon.core.main.TestCaseExecutor.runScript(TestCaseExecutor.java:448)
	at com.kms.katalon.core.main.TestCaseExecutor.doExecute(TestCaseExecutor.java:439)
	at com.kms.katalon.core.main.TestCaseExecutor.processExecutionPhase(TestCaseExecutor.java:418)
	at com.kms.katalon.core.main.TestCaseExecutor.accessMainPhase(TestCaseExecutor.java:410)
	at com.kms.katalon.core.main.TestCaseExecutor.execute(TestCaseExecutor.java:285)
	at com.kms.katalon.core.common.CommonExecutor.accessTestCaseMainPhase(CommonExecutor.java:65)
	at com.kms.katalon.core.main.TestSuiteExecutor.accessTestSuiteMainPhase(TestSuiteExecutor.java:151)
	at com.kms.katalon.core.main.TestSuiteExecutor.execute(TestSuiteExecutor.java:106)
	at com.kms.katalon.core.main.TestCaseMain.startTestSuite(TestCaseMain.java:185)
	at com.kms.katalon.core.main.TestCaseMain$startTestSuite$0.call(Unknown Source)
	at TempTestSuite1678897925999.run(TempTestSuite1678897925999.groovy:36)
Caused by: com.kms.katalon.core.exception.StepFailedException: No alert found
	at com.kms.katalon.core.webui.keyword.internal.WebUIKeywordMain.stepFailed(WebUIKeywordMain.groovy:64)
	at com.kms.katalon.core.webui.keyword.builtin.AcceptAlertKeyword$_acceptAlert_closure1.doCall(AcceptAlertKeyword.groovy:78)
	at com.kms.katalon.core.webui.keyword.builtin.AcceptAlertKeyword$_acceptAlert_closure1.call(AcceptAlertKeyword.groovy)
	at com.kms.katalon.core.webui.keyword.internal.WebUIKeywordMain.runKeyword(WebUIKeywordMain.groovy:20)
	... 19 more]]></system-out>
      <system-err><![CDATA[2023-03-15 22:02:18 - [TEST_SUITE][FAILED] - TS_Salesforce New: Test Cases/TC_Salesforce New/RecallTest/Lead/Create a Lead FAILED.
Reason:
com.kms.katalon.core.exception.StepFailedException: Unable to accept alert
	at com.kms.katalon.core.webui.keyword.internal.WebUIKeywordMain.stepFailed(WebUIKeywordMain.groovy:64)
	at com.kms.katalon.core.webui.keyword.internal.WebUIKeywordMain.runKeyword(WebUIKeywordMain.groovy:26)
	at com.kms.katalon.core.webui.keyword.builtin.AcceptAlertKeyword.acceptAlert(AcceptAlertKeyword.groovy:71)
	at com.kms.katalon.core.webui.keyword.builtin.AcceptAlertKeyword.execute(AcceptAlertKeyword.groovy:66)
	at com.kms.katalon.core.keyword.internal.KeywordExecutor.executeKeywordForPlatform(KeywordExecutor.groovy:74)
	at com.kms.katalon.core.webui.keyword.WebUiBuiltInKeywords.acceptAlert(WebUiBuiltInKeywords.groovy:1522)
	at com.kms.katalon.core.webui.keyword.WebUiBuiltInKeywords$acceptAlert$8.call(Unknown Source)
	at Create a Lead.run(Create a Lead:46)
	at com.kms.katalon.core.main.ScriptEngine.run(ScriptEngine.java:194)
	at com.kms.katalon.core.main.ScriptEngine.runScriptAsRawText(ScriptEngine.java:119)
	at com.kms.katalon.core.main.TestCaseExecutor.runScript(TestCaseExecutor.java:448)
	at com.kms.katalon.core.main.TestCaseExecutor.doExecute(TestCaseExecutor.java:439)
	at com.kms.katalon.core.main.TestCaseExecutor.processExecutionPhase(TestCaseExecutor.java:418)
	at com.kms.katalon.core.main.TestCaseExecutor.accessMainPhase(TestCaseExecutor.java:410)
	at com.kms.katalon.core.main.TestCaseExecutor.execute(TestCaseExecutor.java:285)
	at com.kms.katalon.core.common.CommonExecutor.accessTestCaseMainPhase(CommonExecutor.java:65)
	at com.kms.katalon.core.main.TestSuiteExecutor.accessTestSuiteMainPhase(TestSuiteExecutor.java:151)
	at com.kms.katalon.core.main.TestSuiteExecutor.execute(TestSuiteExecutor.java:106)
	at com.kms.katalon.core.main.TestCaseMain.startTestSuite(TestCaseMain.java:185)
	at com.kms.katalon.core.main.TestCaseMain$startTestSuite$0.call(Unknown Source)
	at TempTestSuite1678897925999.run(TempTestSuite1678897925999.groovy:36)
Caused by: com.kms.katalon.core.exception.StepFailedException: No alert found
	at com.kms.katalon.core.webui.keyword.internal.WebUIKeywordMain.stepFailed(WebUIKeywordMain.groovy:64)
	at com.kms.katalon.core.webui.keyword.builtin.AcceptAlertKeyword$_acceptAlert_closure1.doCall(AcceptAlertKeyword.groovy:78)
	at com.kms.katalon.core.webui.keyword.builtin.AcceptAlertKeyword$_acceptAlert_closure1.call(AcceptAlertKeyword.groovy)
	at com.kms.katalon.core.webui.keyword.internal.WebUIKeywordMain.runKeyword(WebUIKeywordMain.groovy:20)
	... 19 more]]></system-err>
   </testsuite>
</testsuites>
